<?xml version="1.0" encoding="UTF-8"?>
<robot generator="Robot 5.0.1 (Python 3.11.0 on win32)" generated="20221111 20:38:32.014" rpa="false" schemaversion="3">
<suite id="s1" name="Testsitediscourse" source="c:\projetos\projetos-automacao-testes\robot-framework\page-object-robot-framework\tests\testsitediscourse.robot">
<kw name="Abrir navegador" library="ResourceExecution" type="SETUP">
<doc>Keyword que abre o browser.</doc>
<kw name="Open Browser" library="SeleniumLibrary">
<arg>about:blank</arg>
<arg>${BROWSER}</arg>
<doc>Opens a new browser instance to the optional ``url``.</doc>
<msg timestamp="20221111 20:38:32.670" level="INFO">Opening browser 'chrome' to base url 'about:blank'.</msg>
<status status="PASS" starttime="20221111 20:38:32.670" endtime="20221111 20:38:35.121"/>
</kw>
<kw name="Maximize Browser Window" library="SeleniumLibrary">
<doc>Maximizes current browser window.</doc>
<status status="PASS" starttime="20221111 20:38:35.121" endtime="20221111 20:38:35.247"/>
</kw>
<status status="PASS" starttime="20221111 20:38:32.669" endtime="20221111 20:38:35.247"/>
</kw>
<test id="s1-t1" name="Cenario 1: Acessar site Discourse com sucesso" line="16">
<kw name="Acessar a página home do site" library="HomePage">
<doc>Keyword que acessa a HOME do site https://www.discourse.org/.</doc>
<kw name="Go To" library="SeleniumLibrary">
<arg>${HOME_URL}</arg>
<doc>Navigates the current browser window to the provided ``url``.</doc>
<msg timestamp="20221111 20:38:35.249" level="INFO">Opening url 'https://www.discourse.org/'</msg>
<status status="PASS" starttime="20221111 20:38:35.249" endtime="20221111 20:38:38.234"/>
</kw>
<kw name="Wait Until Element Is Visible" library="SeleniumLibrary">
<arg>${HOME_TOPMENU}</arg>
<arg>15</arg>
<doc>Waits until the element ``locator`` is visible.</doc>
<status status="PASS" starttime="20221111 20:38:38.234" endtime="20221111 20:38:38.302"/>
</kw>
<kw name="Title Should Be" library="SeleniumLibrary">
<arg>${HOME_TITLE}</arg>
<doc>Verifies that the current page title equals ``title``.</doc>
<msg timestamp="20221111 20:38:38.307" level="INFO">Page title is 'Discourse is the place to build civilized communities | Discourse - Civilized Discussion'.</msg>
<status status="PASS" starttime="20221111 20:38:38.303" endtime="20221111 20:38:38.307"/>
</kw>
<status status="PASS" starttime="20221111 20:38:35.248" endtime="20221111 20:38:38.307"/>
</kw>
<status status="PASS" starttime="20221111 20:38:35.248" endtime="20221111 20:38:38.308"/>
</test>
<test id="s1-t2" name="Cenario 2: Acessar o subMenu DEMO com sucesso" line="19">
<kw name="Acessar a menu página RESOURCES" library="HomePage">
<doc>Keyword que acessa o menu RESOURCES.</doc>
<kw name="Click Link" library="SeleniumLibrary">
<arg>${HOME_SUBMENU_RESOURCES}</arg>
<doc>Clicks a link identified by ``locator``.</doc>
<msg timestamp="20221111 20:38:38.310" level="INFO">Clicking link 'xpath=//a[contains(@aria-haspopup,'true')]'.</msg>
<status status="PASS" starttime="20221111 20:38:38.309" endtime="20221111 20:38:38.350"/>
</kw>
<status status="PASS" starttime="20221111 20:38:38.309" endtime="20221111 20:38:38.350"/>
</kw>
<kw name="Acessar a sub página DEMO" library="HomePage">
<doc>Keyword que acessa o subMenu DEMO.</doc>
<kw name="Wait Until Element Is Visible" library="SeleniumLibrary">
<arg>${HOME_SUBMENU_DEMO}</arg>
<arg>15</arg>
<doc>Waits until the element ``locator`` is visible.</doc>
<status status="PASS" starttime="20221111 20:38:38.351" endtime="20221111 20:38:38.374"/>
</kw>
<kw name="Click Link" library="SeleniumLibrary">
<arg>${HOME_SUBMENU_DEMO}</arg>
<doc>Clicks a link identified by ``locator``.</doc>
<msg timestamp="20221111 20:38:38.374" level="INFO">Clicking link 'xpath=//a[@href='https://try.discourse.org/'][contains(.,'Demo Sandbox')]'.</msg>
<status status="PASS" starttime="20221111 20:38:38.374" endtime="20221111 20:38:38.449"/>
</kw>
<kw name="Title Should Be" library="SeleniumLibrary">
<arg>${HOME_TITLE}</arg>
<doc>Verifies that the current page title equals ``title``.</doc>
<msg timestamp="20221111 20:38:38.455" level="INFO">Page title is 'Discourse is the place to build civilized communities | Discourse - Civilized Discussion'.</msg>
<status status="PASS" starttime="20221111 20:38:38.450" endtime="20221111 20:38:38.455"/>
</kw>
<status status="PASS" starttime="20221111 20:38:38.350" endtime="20221111 20:38:38.456"/>
</kw>
<kw name="Switch Pages Browser" library="DemoPage">
<doc>Keyword que alterna de abas do browser para poder seguir com o fluxo.</doc>
<kw name="Title Should Be" library="SeleniumLibrary">
<arg>${HOME_TITLE}</arg>
<doc>Verifies that the current page title equals ``title``.</doc>
<msg timestamp="20221111 20:38:38.462" level="INFO">Page title is 'Discourse is the place to build civilized communities | Discourse - Civilized Discussion'.</msg>
<status status="PASS" starttime="20221111 20:38:38.457" endtime="20221111 20:38:38.463"/>
</kw>
<kw name="Switch Window" library="SeleniumLibrary">
<arg>title:${HOME_TITLE}</arg>
<doc>Switches to browser window matching ``locator``.</doc>
<status status="PASS" starttime="20221111 20:38:38.463" endtime="20221111 20:38:38.494"/>
</kw>
<kw name="Sleep" library="BuiltIn">
<arg>2</arg>
<doc>Pauses the test executed for the given time.</doc>
<msg timestamp="20221111 20:38:40.495" level="INFO">Slept 2 seconds</msg>
<status status="PASS" starttime="20221111 20:38:38.494" endtime="20221111 20:38:40.495"/>
</kw>
<kw name="Switch Window" library="SeleniumLibrary">
<arg>title:${DEMO_TITLE}</arg>
<doc>Switches to browser window matching ``locator``.</doc>
<status status="PASS" starttime="20221111 20:38:40.496" endtime="20221111 20:38:42.060"/>
</kw>
<kw name="Title Should Be" library="SeleniumLibrary">
<arg>${DEMO_TITLE}</arg>
<doc>Verifies that the current page title equals ``title``.</doc>
<msg timestamp="20221111 20:38:42.065" level="INFO">Page title is 'Demo'.</msg>
<status status="PASS" starttime="20221111 20:38:42.060" endtime="20221111 20:38:42.065"/>
</kw>
<status status="PASS" starttime="20221111 20:38:38.456" endtime="20221111 20:38:42.065"/>
</kw>
<kw name="Scroll Down na pagina DEMO ate o final" library="DemoPage">
<doc>Keyword que dá scroll até o final da página.</doc>
<kw name="Set Variable" library="BuiltIn">
<var>${bool_footer}</var>
<arg>False</arg>
<doc>Returns the given values which can then be assigned to a variables.</doc>
<msg timestamp="20221111 20:38:42.067" level="INFO">${bool_footer} = False</msg>
<status status="PASS" starttime="20221111 20:38:42.066" endtime="20221111 20:38:42.067"/>
</kw>
<kw name="Execute Javascript" library="SeleniumLibrary">
<arg>window.scrollTo(0, document.body.scrollHeight)</arg>
<doc>Executes the given JavaScript code with possible arguments.</doc>
<msg timestamp="20221111 20:38:42.067" level="INFO">Executing JavaScript:
window.scrollTo(0, document.body.scrollHeight)
Without any arguments.</msg>
<status status="PASS" starttime="20221111 20:38:42.067" endtime="20221111 20:38:42.072"/>
</kw>
<while condition="${bool_footer} != True">
<iter>
<kw name="Execute Javascript" library="SeleniumLibrary">
<arg>window.scrollTo(0, document.body.scrollHeight)</arg>
<doc>Executes the given JavaScript code with possible arguments.</doc>
<msg timestamp="20221111 20:38:42.073" level="INFO">Executing JavaScript:
window.scrollTo(0, document.body.scrollHeight)
Without any arguments.</msg>
<status status="PASS" starttime="20221111 20:38:42.072" endtime="20221111 20:38:42.077"/>
</kw>
<kw name="Run Keyword And Return Status" library="BuiltIn">
<var>${bool_presentValue}</var>
<arg>Element Should Be Visible</arg>
<arg>${DEMO_TEXT_FOOTER}</arg>
<doc>Runs the given keyword with given arguments and returns the status as a Boolean value.</doc>
<kw name="Element Should Be Visible" library="SeleniumLibrary">
<arg>${DEMO_TEXT_FOOTER}</arg>
<doc>Verifies that the element identified by ``locator`` is visible.</doc>
<msg timestamp="20221111 20:38:42.250" level="INFO" html="true">&lt;/td&gt;&lt;/tr&gt;&lt;tr&gt;&lt;td colspan="3"&gt;&lt;a href="selenium-screenshot-1.png"&gt;&lt;img src="selenium-screenshot-1.png" width="800px"&gt;&lt;/a&gt;</msg>
<msg timestamp="20221111 20:38:42.250" level="FAIL">Element with locator 'xpath=//div[@class='footer-message ember-view'][contains(.,'There are no more latest topics.')]' not found.</msg>
<status status="FAIL" starttime="20221111 20:38:42.078" endtime="20221111 20:38:42.293"/>
</kw>
<msg timestamp="20221111 20:38:42.293" level="INFO">${bool_presentValue} = False</msg>
<status status="PASS" starttime="20221111 20:38:42.078" endtime="20221111 20:38:42.294"/>
</kw>
<if>
<branch type="IF" condition="${bool_presentValue}">
<kw name="Execute Javascript" library="SeleniumLibrary">
<arg>window.scrollTo(0, document.body.scrollHeight)</arg>
<doc>Executes the given JavaScript code with possible arguments.</doc>
<status status="NOT RUN" starttime="20221111 20:38:42.294" endtime="20221111 20:38:42.294"/>
</kw>
<kw name="Set Variable" library="BuiltIn">
<var>${bool_footer}</var>
<arg>True</arg>
<doc>Returns the given values which can then be assigned to a variables.</doc>
<status status="NOT RUN" starttime="20221111 20:38:42.295" endtime="20221111 20:38:42.295"/>
</kw>
<status status="NOT RUN" starttime="20221111 20:38:42.294" endtime="20221111 20:38:42.295"/>
</branch>
<status status="PASS" starttime="20221111 20:38:42.294" endtime="20221111 20:38:42.295"/>
</if>
<status status="PASS" starttime="20221111 20:38:42.072" endtime="20221111 20:38:42.295"/>
</iter>
<iter>
<kw name="Execute Javascript" library="SeleniumLibrary">
<arg>window.scrollTo(0, document.body.scrollHeight)</arg>
<doc>Executes the given JavaScript code with possible arguments.</doc>
<msg timestamp="20221111 20:38:42.296" level="INFO">Executing JavaScript:
window.scrollTo(0, document.body.scrollHeight)
Without any arguments.</msg>
<status status="PASS" starttime="20221111 20:38:42.296" endtime="20221111 20:38:42.301"/>
</kw>
<kw name="Run Keyword And Return Status" library="BuiltIn">
<var>${bool_presentValue}</var>
<arg>Element Should Be Visible</arg>
<arg>${DEMO_TEXT_FOOTER}</arg>
<doc>Runs the given keyword with given arguments and returns the status as a Boolean value.</doc>
<kw name="Element Should Be Visible" library="SeleniumLibrary">
<arg>${DEMO_TEXT_FOOTER}</arg>
<doc>Verifies that the element identified by ``locator`` is visible.</doc>
<msg timestamp="20221111 20:38:42.520" level="INFO" html="true">&lt;/td&gt;&lt;/tr&gt;&lt;tr&gt;&lt;td colspan="3"&gt;&lt;a href="selenium-screenshot-2.png"&gt;&lt;img src="selenium-screenshot-2.png" width="800px"&gt;&lt;/a&gt;</msg>
<msg timestamp="20221111 20:38:42.520" level="FAIL">Element with locator 'xpath=//div[@class='footer-message ember-view'][contains(.,'There are no more latest topics.')]' not found.</msg>
<status status="FAIL" starttime="20221111 20:38:42.301" endtime="20221111 20:38:42.521"/>
</kw>
<msg timestamp="20221111 20:38:42.521" level="INFO">${bool_presentValue} = False</msg>
<status status="PASS" starttime="20221111 20:38:42.301" endtime="20221111 20:38:42.521"/>
</kw>
<if>
<branch type="IF" condition="${bool_presentValue}">
<kw name="Execute Javascript" library="SeleniumLibrary">
<arg>window.scrollTo(0, document.body.scrollHeight)</arg>
<doc>Executes the given JavaScript code with possible arguments.</doc>
<status status="NOT RUN" starttime="20221111 20:38:42.522" endtime="20221111 20:38:42.522"/>
</kw>
<kw name="Set Variable" library="BuiltIn">
<var>${bool_footer}</var>
<arg>True</arg>
<doc>Returns the given values which can then be assigned to a variables.</doc>
<status status="NOT RUN" starttime="20221111 20:38:42.522" endtime="20221111 20:38:42.522"/>
</kw>
<status status="NOT RUN" starttime="20221111 20:38:42.522" endtime="20221111 20:38:42.522"/>
</branch>
<status status="PASS" starttime="20221111 20:38:42.522" endtime="20221111 20:38:42.522"/>
</if>
<status status="PASS" starttime="20221111 20:38:42.295" endtime="20221111 20:38:42.522"/>
</iter>
<iter>
<kw name="Execute Javascript" library="SeleniumLibrary">
<arg>window.scrollTo(0, document.body.scrollHeight)</arg>
<doc>Executes the given JavaScript code with possible arguments.</doc>
<msg timestamp="20221111 20:38:42.523" level="INFO">Executing JavaScript:
window.scrollTo(0, document.body.scrollHeight)
Without any arguments.</msg>
<status status="PASS" starttime="20221111 20:38:42.522" endtime="20221111 20:38:42.527"/>
</kw>
<kw name="Run Keyword And Return Status" library="BuiltIn">
<var>${bool_presentValue}</var>
<arg>Element Should Be Visible</arg>
<arg>${DEMO_TEXT_FOOTER}</arg>
<doc>Runs the given keyword with given arguments and returns the status as a Boolean value.</doc>
<kw name="Element Should Be Visible" library="SeleniumLibrary">
<arg>${DEMO_TEXT_FOOTER}</arg>
<doc>Verifies that the element identified by ``locator`` is visible.</doc>
<msg timestamp="20221111 20:38:42.559" level="INFO">Element 'xpath=//div[@class='footer-message ember-view'][contains(.,'There are no more latest topics.')]' is displayed.</msg>
<status status="PASS" starttime="20221111 20:38:42.529" endtime="20221111 20:38:42.559"/>
</kw>
<msg timestamp="20221111 20:38:42.559" level="INFO">${bool_presentValue} = True</msg>
<status status="PASS" starttime="20221111 20:38:42.528" endtime="20221111 20:38:42.559"/>
</kw>
<if>
<branch type="IF" condition="${bool_presentValue}">
<kw name="Execute Javascript" library="SeleniumLibrary">
<arg>window.scrollTo(0, document.body.scrollHeight)</arg>
<doc>Executes the given JavaScript code with possible arguments.</doc>
<msg timestamp="20221111 20:38:42.560" level="INFO">Executing JavaScript:
window.scrollTo(0, document.body.scrollHeight)
Without any arguments.</msg>
<status status="PASS" starttime="20221111 20:38:42.560" endtime="20221111 20:38:42.569"/>
</kw>
<kw name="Set Variable" library="BuiltIn">
<var>${bool_footer}</var>
<arg>True</arg>
<doc>Returns the given values which can then be assigned to a variables.</doc>
<msg timestamp="20221111 20:38:42.570" level="INFO">${bool_footer} = True</msg>
<status status="PASS" starttime="20221111 20:38:42.570" endtime="20221111 20:38:42.570"/>
</kw>
<status status="PASS" starttime="20221111 20:38:42.560" endtime="20221111 20:38:42.570"/>
</branch>
<status status="PASS" starttime="20221111 20:38:42.560" endtime="20221111 20:38:42.570"/>
</if>
<status status="PASS" starttime="20221111 20:38:42.522" endtime="20221111 20:38:42.570"/>
</iter>
<status status="PASS" starttime="20221111 20:38:42.072" endtime="20221111 20:38:42.570"/>
</while>
<kw name="Wait Until Element Is Visible" library="SeleniumLibrary">
<arg>${DEMO_TEXT_FOOTER}</arg>
<arg>15</arg>
<doc>Waits until the element ``locator`` is visible.</doc>
<status status="PASS" starttime="20221111 20:38:42.571" endtime="20221111 20:38:42.591"/>
</kw>
<status status="PASS" starttime="20221111 20:38:42.066" endtime="20221111 20:38:42.591"/>
</kw>
<status status="PASS" starttime="20221111 20:38:38.309" endtime="20221111 20:38:42.592"/>
</test>
<test id="s1-t3" name="Cenario 3: Capturar as informacoes de Titulos, Topicos e Views com sucesso" line="25">
<kw name="Capturar Todos os Topicos Bloqueados" library="DemoPage">
<kw name="Sleep" library="BuiltIn">
<arg>1</arg>
<doc>Pauses the test executed for the given time.</doc>
<msg timestamp="20221111 20:38:43.595" level="INFO">Slept 1 second</msg>
<status status="PASS" starttime="20221111 20:38:42.594" endtime="20221111 20:38:43.595"/>
</kw>
<status status="PASS" starttime="20221111 20:38:42.594" endtime="20221111 20:38:43.595"/>
</kw>
<kw name="Retornar o maior Tópico visualizado" library="DemoPage">
<doc>Keyword que Imprime o Nome do Topico mais visualizado com a quantidade de visualizações.</doc>
<kw name="Set Variable" library="BuiltIn">
<var>${numerViewsOld}</var>
<arg>1</arg>
<doc>Returns the given values which can then be assigned to a variables.</doc>
<msg timestamp="20221111 20:38:43.597" level="INFO">${numerViewsOld} = 1</msg>
<status status="PASS" starttime="20221111 20:38:43.597" endtime="20221111 20:38:43.598"/>
</kw>
<kw name="Set Variable" library="BuiltIn">
<var>${counter}</var>
<arg>0</arg>
<doc>Returns the given values which can then be assigned to a variables.</doc>
<msg timestamp="20221111 20:38:43.598" level="INFO">${counter} = 0</msg>
<status status="PASS" starttime="20221111 20:38:43.598" endtime="20221111 20:38:43.599"/>
</kw>
<kw name="Set Variable" library="BuiltIn">
<var>${lengthTopics}</var>
<arg>0</arg>
<doc>Returns the given values which can then be assigned to a variables.</doc>
<msg timestamp="20221111 20:38:43.599" level="INFO">${lengthTopics} = 0</msg>
<status status="PASS" starttime="20221111 20:38:43.599" endtime="20221111 20:38:43.599"/>
</kw>
<kw name="Set Variable" library="BuiltIn">
<var>${counter_topic}</var>
<arg>0</arg>
<doc>Returns the given values which can then be assigned to a variables.</doc>
<msg timestamp="20221111 20:38:43.599" level="INFO">${counter_topic} = 0</msg>
<status status="PASS" starttime="20221111 20:38:43.599" endtime="20221111 20:38:43.599"/>
</kw>
<kw name="Execute Javascript" library="SeleniumLibrary">
<var>${lengthViews}</var>
<arg>return document.querySelectorAll('[class*="number"]').length</arg>
<doc>Executes the given JavaScript code with possible arguments.</doc>
<msg timestamp="20221111 20:38:43.600" level="INFO">Executing JavaScript:
return document.querySelectorAll('[class*="number"]').length
Without any arguments.</msg>
<msg timestamp="20221111 20:38:43.605" level="INFO">${lengthViews} = 88</msg>
<status status="PASS" starttime="20221111 20:38:43.599" endtime="20221111 20:38:43.605"/>
</kw>
<for flavor="IN RANGE">
<var>${counter}</var>
<value>${lengthViews}</value>
<iter>
<var name="${counter}">0</var>
<kw name="Evaluate" library="BuiltIn">
<var>${divisao}</var>
<arg>${counter} % 2 == 0</arg>
<doc>Evaluates the given expression in Python and returns the result.</doc>
<msg timestamp="20221111 20:38:43.606" level="INFO">${divisao} = True</msg>
<status status="PASS" starttime="20221111 20:38:43.606" endtime="20221111 20:38:43.606"/>
</kw>
<if>
<branch type="IF" condition="${counter} == 0">
<kw name="Execute Javascript" library="SeleniumLibrary">
<var>${nameViews}</var>
<arg>return document.querySelectorAll('.number')[1].title</arg>
<doc>Executes the given JavaScript code with possible arguments.</doc>
<msg timestamp="20221111 20:38:43.607" level="INFO">Executing JavaScript:
return document.querySelectorAll('.number')[1].title
Without any arguments.</msg>
<msg timestamp="20221111 20:38:43.614" level="INFO">${nameViews} = this topic has been viewed 540 times</msg>
<status status="PASS" starttime="20221111 20:38:43.606" endtime="20221111 20:38:43.614"/>
</kw>
<kw name="Regex Capturar Numero" library="testes">
<var>${numerViews}</var>
<arg>${nameViews}</arg>
<msg timestamp="20221111 20:38:43.615" level="INFO">540</msg>
<msg timestamp="20221111 20:38:43.615" level="INFO">${numerViews} = 540</msg>
<status status="PASS" starttime="20221111 20:38:43.614" endtime="20221111 20:38:43.615"/>
</kw>
<status status="PASS" starttime="20221111 20:38:43.606" endtime="20221111 20:38:43.615"/>
</branch>
<branch type="ELSE">
<if>
<branch type="IF" condition="${divisao} == False">
<kw name="Execute Javascript" library="SeleniumLibrary">
<var>${nameViews}</var>
<arg>return document.querySelectorAll('.number')[${counter}].title</arg>
<doc>Executes the given JavaScript code with possible arguments.</doc>
<status status="NOT RUN" starttime="20221111 20:38:43.615" endtime="20221111 20:38:43.615"/>
</kw>
<kw name="Regex Capturar Numero" library="testes">
<var>${numerViews}</var>
<arg>${nameViews}</arg>
<status status="NOT RUN" starttime="20221111 20:38:43.615" endtime="20221111 20:38:43.615"/>
</kw>
<kw name="Evaluate" library="BuiltIn">
<var>${lengthTopics}</var>
<arg>${lengthTopics} +1</arg>
<doc>Evaluates the given expression in Python and returns the result.</doc>
<status status="NOT RUN" starttime="20221111 20:38:43.616" endtime="20221111 20:38:43.616"/>
</kw>
<status status="NOT RUN" starttime="20221111 20:38:43.615" endtime="20221111 20:38:43.616"/>
</branch>
<status status="NOT RUN" starttime="20221111 20:38:43.615" endtime="20221111 20:38:43.616"/>
</if>
<status status="NOT RUN" starttime="20221111 20:38:43.615" endtime="20221111 20:38:43.616"/>
</branch>
<status status="PASS" starttime="20221111 20:38:43.606" endtime="20221111 20:38:43.616"/>
</if>
<if>
<branch type="IF" condition="${numerViews} &gt; ${numerViewsOld}">
<kw name="Set Variable" library="BuiltIn">
<var>${numerViewsOld}</var>
<arg>${numerViews}</arg>
<doc>Returns the given values which can then be assigned to a variables.</doc>
<msg timestamp="20221111 20:38:43.616" level="INFO">${numerViewsOld} = 540</msg>
<status status="PASS" starttime="20221111 20:38:43.616" endtime="20221111 20:38:43.616"/>
</kw>
<kw name="Set Variable" library="BuiltIn">
<var>${counter_topic}</var>
<arg>${lengthTopics} -1</arg>
<doc>Returns the given values which can then be assigned to a variables.</doc>
<msg timestamp="20221111 20:38:43.617" level="INFO">${counter_topic} = 0 -1</msg>
<status status="PASS" starttime="20221111 20:38:43.616" endtime="20221111 20:38:43.617"/>
</kw>
<status status="PASS" starttime="20221111 20:38:43.616" endtime="20221111 20:38:43.617"/>
</branch>
<status status="PASS" starttime="20221111 20:38:43.616" endtime="20221111 20:38:43.617"/>
</if>
<status status="PASS" starttime="20221111 20:38:43.606" endtime="20221111 20:38:43.617"/>
</iter>
<iter>
<var name="${counter}">1</var>
<kw name="Evaluate" library="BuiltIn">
<var>${divisao}</var>
<arg>${counter} % 2 == 0</arg>
<doc>Evaluates the given expression in Python and returns the result.</doc>
<msg timestamp="20221111 20:38:43.617" level="INFO">${divisao} = False</msg>
<status status="PASS" starttime="20221111 20:38:43.617" endtime="20221111 20:38:43.617"/>
</kw>
<if>
<branch type="IF" condition="${counter} == 0">
<kw name="Execute Javascript" library="SeleniumLibrary">
<var>${nameViews}</var>
<arg>return document.querySelectorAll('.number')[1].title</arg>
<doc>Executes the given JavaScript code with possible arguments.</doc>
<status status="NOT RUN" starttime="20221111 20:38:43.617" endtime="20221111 20:38:43.617"/>
</kw>
<kw name="Regex Capturar Numero" library="testes">
<var>${numerViews}</var>
<arg>${nameViews}</arg>
<status status="NOT RUN" starttime="20221111 20:38:43.618" endtime="20221111 20:38:43.618"/>
</kw>
<status status="NOT RUN" starttime="20221111 20:38:43.617" endtime="20221111 20:38:43.618"/>
</branch>
<branch type="ELSE">
<if>
<branch type="IF" condition="${divisao} == False">
<kw name="Execute Javascript" library="SeleniumLibrary">
<var>${nameViews}</var>
<arg>return document.querySelectorAll('.number')[${counter}].title</arg>
<doc>Executes the given JavaScript code with possible arguments.</doc>
<msg timestamp="20221111 20:38:43.618" level="INFO">Executing JavaScript:
return document.querySelectorAll('.number')[1].title
Without any arguments.</msg>
<msg timestamp="20221111 20:38:43.623" level="INFO">${nameViews} = this topic has been viewed 540 times</msg>
<status status="PASS" starttime="20221111 20:38:43.618" endtime="20221111 20:38:43.623"/>
</kw>
<kw name="Regex Capturar Numero" library="testes">
<var>${numerViews}</var>
<arg>${nameViews}</arg>
<msg timestamp="20221111 20:38:43.623" level="INFO">540</msg>
<msg timestamp="20221111 20:38:43.623" level="INFO">${numerViews} = 540</msg>
<status status="PASS" starttime="20221111 20:38:43.623" endtime="20221111 20:38:43.623"/>
</kw>
<kw name="Evaluate" library="BuiltIn">
<var>${lengthTopics}</var>
<arg>${lengthTopics} +1</arg>
<doc>Evaluates the given expression in Python and returns the result.</doc>
<msg timestamp="20221111 20:38:43.623" level="INFO">${lengthTopics} = 1</msg>
<status status="PASS" starttime="20221111 20:38:43.623" endtime="20221111 20:38:43.625"/>
</kw>
<status status="PASS" starttime="20221111 20:38:43.618" endtime="20221111 20:38:43.625"/>
</branch>
<status status="PASS" starttime="20221111 20:38:43.618" endtime="20221111 20:38:43.625"/>
</if>
<status status="PASS" starttime="20221111 20:38:43.618" endtime="20221111 20:38:43.625"/>
</branch>
<status status="PASS" starttime="20221111 20:38:43.617" endtime="20221111 20:38:43.625"/>
</if>
<if>
<branch type="IF" condition="${numerViews} &gt; ${numerViewsOld}">
<kw name="Set Variable" library="BuiltIn">
<var>${numerViewsOld}</var>
<arg>${numerViews}</arg>
<doc>Returns the given values which can then be assigned to a variables.</doc>
<status status="NOT RUN" starttime="20221111 20:38:43.625" endtime="20221111 20:38:43.625"/>
</kw>
<kw name="Set Variable" library="BuiltIn">
<var>${counter_topic}</var>
<arg>${lengthTopics} -1</arg>
<doc>Returns the given values which can then be assigned to a variables.</doc>
<status status="NOT RUN" starttime="20221111 20:38:43.625" endtime="20221111 20:38:43.625"/>
</kw>
<status status="NOT RUN" starttime="20221111 20:38:43.625" endtime="20221111 20:38:43.625"/>
</branch>
<status status="PASS" starttime="20221111 20:38:43.625" endtime="20221111 20:38:43.625"/>
</if>
<status status="PASS" starttime="20221111 20:38:43.617" endtime="20221111 20:38:43.625"/>
</iter>
<iter>
<var name="${counter}">2</var>
<kw name="Evaluate" library="BuiltIn">
<var>${divisao}</var>
<arg>${counter} % 2 == 0</arg>
<doc>Evaluates the given expression in Python and returns the result.</doc>
<msg timestamp="20221111 20:38:43.626" level="INFO">${divisao} = True</msg>
<status status="PASS" starttime="20221111 20:38:43.625" endtime="20221111 20:38:43.626"/>
</kw>
<if>
<branch type="IF" condition="${counter} == 0">
<kw name="Execute Javascript" library="SeleniumLibrary">
<var>${nameViews}</var>
<arg>return document.querySelectorAll('.number')[1].title</arg>
<doc>Executes the given JavaScript code with possible arguments.</doc>
<status status="NOT RUN" starttime="20221111 20:38:43.626" endtime="20221111 20:38:43.626"/>
</kw>
<kw name="Regex Capturar Numero" library="testes">
<var>${numerViews}</var>
<arg>${nameViews}</arg>
<status status="NOT RUN" starttime="20221111 20:38:43.628" endtime="20221111 20:38:43.628"/>
</kw>
<status status="NOT RUN" starttime="20221111 20:38:43.626" endtime="20221111 20:38:43.628"/>
</branch>
<branch type="ELSE">
<if>
<branch type="IF" condition="${divisao} == False">
<kw name="Execute Javascript" library="SeleniumLibrary">
<var>${nameViews}</var>
<arg>return document.querySelectorAll('.number')[${counter}].title</arg>
<doc>Executes the given JavaScript code with possible arguments.</doc>
<status status="NOT RUN" starttime="20221111 20:38:43.628" endtime="20221111 20:38:43.628"/>
</kw>
<kw name="Regex Capturar Numero" library="testes">
<var>${numerViews}</var>
<arg>${nameViews}</arg>
<status status="NOT RUN" starttime="20221111 20:38:43.628" endtime="20221111 20:38:43.628"/>
</kw>
<kw name="Evaluate" library="BuiltIn">
<var>${lengthTopics}</var>
<arg>${lengthTopics} +1</arg>
<doc>Evaluates the given expression in Python and returns the result.</doc>
<status status="NOT RUN" starttime="20221111 20:38:43.628" endtime="20221111 20:38:43.628"/>
</kw>
<status status="NOT RUN" starttime="20221111 20:38:43.628" endtime="20221111 20:38:43.628"/>
</branch>
<status status="PASS" starttime="20221111 20:38:43.628" endtime="20221111 20:38:43.628"/>
</if>
<status status="PASS" starttime="20221111 20:38:43.628" endtime="20221111 20:38:43.628"/>
</branch>
<status status="PASS" starttime="20221111 20:38:43.626" endtime="20221111 20:38:43.628"/>
</if>
<if>
<branch type="IF" condition="${numerViews} &gt; ${numerViewsOld}">
<kw name="Set Variable" library="BuiltIn">
<var>${numerViewsOld}</var>
<arg>${numerViews}</arg>
<doc>Returns the given values which can then be assigned to a variables.</doc>
<status status="NOT RUN" starttime="20221111 20:38:43.629" endtime="20221111 20:38:43.629"/>
</kw>
<kw name="Set Variable" library="BuiltIn">
<var>${counter_topic}</var>
<arg>${lengthTopics} -1</arg>
<doc>Returns the given values which can then be assigned to a variables.</doc>
<status status="NOT RUN" starttime="20221111 20:38:43.630" endtime="20221111 20:38:43.630"/>
</kw>
<status status="NOT RUN" starttime="20221111 20:38:43.629" endtime="20221111 20:38:43.630"/>
</branch>
<status status="PASS" starttime="20221111 20:38:43.629" endtime="20221111 20:38:43.630"/>
</if>
<status status="PASS" starttime="20221111 20:38:43.625" endtime="20221111 20:38:43.630"/>
</iter>
<iter>
<var name="${counter}">3</var>
<kw name="Evaluate" library="BuiltIn">
<var>${divisao}</var>
<arg>${counter} % 2 == 0</arg>
<doc>Evaluates the given expression in Python and returns the result.</doc>
<msg timestamp="20221111 20:38:43.632" level="INFO">${divisao} = False</msg>
<status status="PASS" starttime="20221111 20:38:43.631" endtime="20221111 20:38:43.632"/>
</kw>
<if>
<branch type="IF" condition="${counter} == 0">
<kw name="Execute Javascript" library="SeleniumLibrary">
<var>${nameViews}</var>
<arg>return document.querySelectorAll('.number')[1].title</arg>
<doc>Executes the given JavaScript code with possible arguments.</doc>
<status status="NOT RUN" starttime="20221111 20:38:43.632" endtime="20221111 20:38:43.632"/>
</kw>
<kw name="Regex Capturar Numero" library="testes">
<var>${numerViews}</var>
<arg>${nameViews}</arg>
<status status="NOT RUN" starttime="20221111 20:38:43.632" endtime="20221111 20:38:43.632"/>
</kw>
<status status="NOT RUN" starttime="20221111 20:38:43.632" endtime="20221111 20:38:43.632"/>
</branch>
<branch type="ELSE">
<if>
<branch type="IF" condition="${divisao} == False">
<kw name="Execute Javascript" library="SeleniumLibrary">
<var>${nameViews}</var>
<arg>return document.querySelectorAll('.number')[${counter}].title</arg>
<doc>Executes the given JavaScript code with possible arguments.</doc>
<msg timestamp="20221111 20:38:43.633" level="INFO">Executing JavaScript:
return document.querySelectorAll('.number')[3].title
Without any arguments.</msg>
<msg timestamp="20221111 20:38:43.638" level="INFO">${nameViews} = this topic has been viewed 1 time</msg>
<status status="PASS" starttime="20221111 20:38:43.633" endtime="20221111 20:38:43.638"/>
</kw>
<kw name="Regex Capturar Numero" library="testes">
<var>${numerViews}</var>
<arg>${nameViews}</arg>
<msg timestamp="20221111 20:38:43.638" level="INFO">1</msg>
<msg timestamp="20221111 20:38:43.640" level="INFO">${numerViews} = 1</msg>
<status status="PASS" starttime="20221111 20:38:43.638" endtime="20221111 20:38:43.640"/>
</kw>
<kw name="Evaluate" library="BuiltIn">
<var>${lengthTopics}</var>
<arg>${lengthTopics} +1</arg>
<doc>Evaluates the given expression in Python and returns the result.</doc>
<msg timestamp="20221111 20:38:43.640" level="INFO">${lengthTopics} = 2</msg>
<status status="PASS" starttime="20221111 20:38:43.640" endtime="20221111 20:38:43.640"/>
</kw>
<status status="PASS" starttime="20221111 20:38:43.633" endtime="20221111 20:38:43.640"/>
</branch>
<status status="PASS" starttime="20221111 20:38:43.633" endtime="20221111 20:38:43.640"/>
</if>
<status status="PASS" starttime="20221111 20:38:43.632" endtime="20221111 20:38:43.640"/>
</branch>
<status status="PASS" starttime="20221111 20:38:43.632" endtime="20221111 20:38:43.640"/>
</if>
<if>
<branch type="IF" condition="${numerViews} &gt; ${numerViewsOld}">
<kw name="Set Variable" library="BuiltIn">
<var>${numerViewsOld}</var>
<arg>${numerViews}</arg>
<doc>Returns the given values which can then be assigned to a variables.</doc>
<status status="NOT RUN" starttime="20221111 20:38:43.640" endtime="20221111 20:38:43.640"/>
</kw>
<kw name="Set Variable" library="BuiltIn">
<var>${counter_topic}</var>
<arg>${lengthTopics} -1</arg>
<doc>Returns the given values which can then be assigned to a variables.</doc>
<status status="NOT RUN" starttime="20221111 20:38:43.640" endtime="20221111 20:38:43.640"/>
</kw>
<status status="NOT RUN" starttime="20221111 20:38:43.640" endtime="20221111 20:38:43.641"/>
</branch>
<status status="PASS" starttime="20221111 20:38:43.640" endtime="20221111 20:38:43.641"/>
</if>
<status status="PASS" starttime="20221111 20:38:43.630" endtime="20221111 20:38:43.641"/>
</iter>
<iter>
<var name="${counter}">4</var>
<kw name="Evaluate" library="BuiltIn">
<var>${divisao}</var>
<arg>${counter} % 2 == 0</arg>
<doc>Evaluates the given expression in Python and returns the result.</doc>
<msg timestamp="20221111 20:38:43.641" level="INFO">${divisao} = True</msg>
<status status="PASS" starttime="20221111 20:38:43.641" endtime="20221111 20:38:43.641"/>
</kw>
<if>
<branch type="IF" condition="${counter} == 0">
<kw name="Execute Javascript" library="SeleniumLibrary">
<var>${nameViews}</var>
<arg>return document.querySelectorAll('.number')[1].title</arg>
<doc>Executes the given JavaScript code with possible arguments.</doc>
<status status="NOT RUN" starttime="20221111 20:38:43.641" endtime="20221111 20:38:43.641"/>
</kw>
<kw name="Regex Capturar Numero" library="testes">
<var>${numerViews}</var>
<arg>${nameViews}</arg>
<status status="NOT RUN" starttime="20221111 20:38:43.641" endtime="20221111 20:38:43.641"/>
</kw>
<status status="NOT RUN" starttime="20221111 20:38:43.641" endtime="20221111 20:38:43.641"/>
</branch>
<branch type="ELSE">
<if>
<branch type="IF" condition="${divisao} == False">
<kw name="Execute Javascript" library="SeleniumLibrary">
<var>${nameViews}</var>
<arg>return document.querySelectorAll('.number')[${counter}].title</arg>
<doc>Executes the given JavaScript code with possible arguments.</doc>
<status status="NOT RUN" starttime="20221111 20:38:43.642" endtime="20221111 20:38:43.642"/>
</kw>
<kw name="Regex Capturar Numero" library="testes">
<var>${numerViews}</var>
<arg>${nameViews}</arg>
<status status="NOT RUN" starttime="20221111 20:38:43.642" endtime="20221111 20:38:43.642"/>
</kw>
<kw name="Evaluate" library="BuiltIn">
<var>${lengthTopics}</var>
<arg>${lengthTopics} +1</arg>
<doc>Evaluates the given expression in Python and returns the result.</doc>
<status status="NOT RUN" starttime="20221111 20:38:43.642" endtime="20221111 20:38:43.642"/>
</kw>
<status status="NOT RUN" starttime="20221111 20:38:43.642" endtime="20221111 20:38:43.642"/>
</branch>
<status status="PASS" starttime="20221111 20:38:43.642" endtime="20221111 20:38:43.642"/>
</if>
<status status="PASS" starttime="20221111 20:38:43.642" endtime="20221111 20:38:43.642"/>
</branch>
<status status="PASS" starttime="20221111 20:38:43.641" endtime="20221111 20:38:43.642"/>
</if>
<if>
<branch type="IF" condition="${numerViews} &gt; ${numerViewsOld}">
<kw name="Set Variable" library="BuiltIn">
<var>${numerViewsOld}</var>
<arg>${numerViews}</arg>
<doc>Returns the given values which can then be assigned to a variables.</doc>
<status status="NOT RUN" starttime="20221111 20:38:43.642" endtime="20221111 20:38:43.643"/>
</kw>
<kw name="Set Variable" library="BuiltIn">
<var>${counter_topic}</var>
<arg>${lengthTopics} -1</arg>
<doc>Returns the given values which can then be assigned to a variables.</doc>
<status status="NOT RUN" starttime="20221111 20:38:43.643" endtime="20221111 20:38:43.643"/>
</kw>
<status status="NOT RUN" starttime="20221111 20:38:43.642" endtime="20221111 20:38:43.643"/>
</branch>
<status status="PASS" starttime="20221111 20:38:43.642" endtime="20221111 20:38:43.643"/>
</if>
<status status="PASS" starttime="20221111 20:38:43.641" endtime="20221111 20:38:43.643"/>
</iter>
<iter>
<var name="${counter}">5</var>
<kw name="Evaluate" library="BuiltIn">
<var>${divisao}</var>
<arg>${counter} % 2 == 0</arg>
<doc>Evaluates the given expression in Python and returns the result.</doc>
<msg timestamp="20221111 20:38:43.643" level="INFO">${divisao} = False</msg>
<status status="PASS" starttime="20221111 20:38:43.643" endtime="20221111 20:38:43.643"/>
</kw>
<if>
<branch type="IF" condition="${counter} == 0">
<kw name="Execute Javascript" library="SeleniumLibrary">
<var>${nameViews}</var>
<arg>return document.querySelectorAll('.number')[1].title</arg>
<doc>Executes the given JavaScript code with possible arguments.</doc>
<status status="NOT RUN" starttime="20221111 20:38:43.643" endtime="20221111 20:38:43.643"/>
</kw>
<kw name="Regex Capturar Numero" library="testes">
<var>${numerViews}</var>
<arg>${nameViews}</arg>
<status status="NOT RUN" starttime="20221111 20:38:43.644" endtime="20221111 20:38:43.644"/>
</kw>
<status status="NOT RUN" starttime="20221111 20:38:43.643" endtime="20221111 20:38:43.644"/>
</branch>
<branch type="ELSE">
<if>
<branch type="IF" condition="${divisao} == False">
<kw name="Execute Javascript" library="SeleniumLibrary">
<var>${nameViews}</var>
<arg>return document.querySelectorAll('.number')[${counter}].title</arg>
<doc>Executes the given JavaScript code with possible arguments.</doc>
<msg timestamp="20221111 20:38:43.645" level="INFO">Executing JavaScript:
return document.querySelectorAll('.number')[5].title
Without any arguments.</msg>
<msg timestamp="20221111 20:38:43.652" level="INFO">${nameViews} = this topic has been viewed 1 time</msg>
<status status="PASS" starttime="20221111 20:38:43.644" endtime="20221111 20:38:43.652"/>
</kw>
<kw name="Regex Capturar Numero" library="testes">
<var>${numerViews}</var>
<arg>${nameViews}</arg>
<msg timestamp="20221111 20:38:43.654" level="INFO">1</msg>
<msg timestamp="20221111 20:38:43.654" level="INFO">${numerViews} = 1</msg>
<status status="PASS" starttime="20221111 20:38:43.654" endtime="20221111 20:38:43.654"/>
</kw>
<kw name="Evaluate" library="BuiltIn">
<var>${lengthTopics}</var>
<arg>${lengthTopics} +1</arg>
<doc>Evaluates the given expression in Python and returns the result.</doc>
<msg timestamp="20221111 20:38:43.654" level="INFO">${lengthTopics} = 3</msg>
<status status="PASS" starttime="20221111 20:38:43.654" endtime="20221111 20:38:43.654"/>
</kw>
<status status="PASS" starttime="20221111 20:38:43.644" endtime="20221111 20:38:43.654"/>
</branch>
<status status="PASS" starttime="20221111 20:38:43.644" endtime="20221111 20:38:43.654"/>
</if>
<status status="PASS" starttime="20221111 20:38:43.644" endtime="20221111 20:38:43.654"/>
</branch>
<status status="PASS" starttime="20221111 20:38:43.643" endtime="20221111 20:38:43.654"/>
</if>
<if>
<branch type="IF" condition="${numerViews} &gt; ${numerViewsOld}">
<kw name="Set Variable" library="BuiltIn">
<var>${numerViewsOld}</var>
<arg>${numerViews}</arg>
<doc>Returns the given values which can then be assigned to a variables.</doc>
<status status="NOT RUN" starttime="20221111 20:38:43.654" endtime="20221111 20:38:43.654"/>
</kw>
<kw name="Set Variable" library="BuiltIn">
<var>${counter_topic}</var>
<arg>${lengthTopics} -1</arg>
<doc>Returns the given values which can then be assigned to a variables.</doc>
<status status="NOT RUN" starttime="20221111 20:38:43.654" endtime="20221111 20:38:43.654"/>
</kw>
<status status="NOT RUN" starttime="20221111 20:38:43.654" endtime="20221111 20:38:43.654"/>
</branch>
<status status="PASS" starttime="20221111 20:38:43.654" endtime="20221111 20:38:43.654"/>
</if>
<status status="PASS" starttime="20221111 20:38:43.643" endtime="20221111 20:38:43.654"/>
</iter>
<iter>
<var name="${counter}">6</var>
<kw name="Evaluate" library="BuiltIn">
<var>${divisao}</var>
<arg>${counter} % 2 == 0</arg>
<doc>Evaluates the given expression in Python and returns the result.</doc>
<msg timestamp="20221111 20:38:43.654" level="INFO">${divisao} = True</msg>
<status status="PASS" starttime="20221111 20:38:43.654" endtime="20221111 20:38:43.654"/>
</kw>
<if>
<branch type="IF" condition="${counter} == 0">
<kw name="Execute Javascript" library="SeleniumLibrary">
<var>${nameViews}</var>
<arg>return document.querySelectorAll('.number')[1].title</arg>
<doc>Executes the given JavaScript code with possible arguments.</doc>
<status status="NOT RUN" starttime="20221111 20:38:43.655" endtime="20221111 20:38:43.655"/>
</kw>
<kw name="Regex Capturar Numero" library="testes">
<var>${numerViews}</var>
<arg>${nameViews}</arg>
<status status="NOT RUN" starttime="20221111 20:38:43.655" endtime="20221111 20:38:43.655"/>
</kw>
<status status="NOT RUN" starttime="20221111 20:38:43.655" endtime="20221111 20:38:43.655"/>
</branch>
<branch type="ELSE">
<if>
<branch type="IF" condition="${divisao} == False">
<kw name="Execute Javascript" library="SeleniumLibrary">
<var>${nameViews}</var>
<arg>return document.querySelectorAll('.number')[${counter}].title</arg>
<doc>Executes the given JavaScript code with possible arguments.</doc>
<status status="NOT RUN" starttime="20221111 20:38:43.655" endtime="20221111 20:38:43.655"/>
</kw>
<kw name="Regex Capturar Numero" library="testes">
<var>${numerViews}</var>
<arg>${nameViews}</arg>
<status status="NOT RUN" starttime="20221111 20:38:43.655" endtime="20221111 20:38:43.656"/>
</kw>
<kw name="Evaluate" library="BuiltIn">
<var>${lengthTopics}</var>
<arg>${lengthTopics} +1</arg>
<doc>Evaluates the given expression in Python and returns the result.</doc>
<status status="NOT RUN" starttime="20221111 20:38:43.656" endtime="20221111 20:38:43.656"/>
</kw>
<status status="NOT RUN" starttime="20221111 20:38:43.655" endtime="20221111 20:38:43.656"/>
</branch>
<status status="PASS" starttime="20221111 20:38:43.655" endtime="20221111 20:38:43.656"/>
</if>
<status status="PASS" starttime="20221111 20:38:43.655" endtime="20221111 20:38:43.656"/>
</branch>
<status status="PASS" starttime="20221111 20:38:43.655" endtime="20221111 20:38:43.656"/>
</if>
<if>
<branch type="IF" condition="${numerViews} &gt; ${numerViewsOld}">
<kw name="Set Variable" library="BuiltIn">
<var>${numerViewsOld}</var>
<arg>${numerViews}</arg>
<doc>Returns the given values which can then be assigned to a variables.</doc>
<status status="NOT RUN" starttime="20221111 20:38:43.656" endtime="20221111 20:38:43.656"/>
</kw>
<kw name="Set Variable" library="BuiltIn">
<var>${counter_topic}</var>
<arg>${lengthTopics} -1</arg>
<doc>Returns the given values which can then be assigned to a variables.</doc>
<status status="NOT RUN" starttime="20221111 20:38:43.656" endtime="20221111 20:38:43.656"/>
</kw>
<status status="NOT RUN" starttime="20221111 20:38:43.656" endtime="20221111 20:38:43.657"/>
</branch>
<status status="PASS" starttime="20221111 20:38:43.656" endtime="20221111 20:38:43.657"/>
</if>
<status status="PASS" starttime="20221111 20:38:43.654" endtime="20221111 20:38:43.657"/>
</iter>
<iter>
<var name="${counter}">7</var>
<kw name="Evaluate" library="BuiltIn">
<var>${divisao}</var>
<arg>${counter} % 2 == 0</arg>
<doc>Evaluates the given expression in Python and returns the result.</doc>
<msg timestamp="20221111 20:38:43.657" level="INFO">${divisao} = False</msg>
<status status="PASS" starttime="20221111 20:38:43.657" endtime="20221111 20:38:43.657"/>
</kw>
<if>
<branch type="IF" condition="${counter} == 0">
<kw name="Execute Javascript" library="SeleniumLibrary">
<var>${nameViews}</var>
<arg>return document.querySelectorAll('.number')[1].title</arg>
<doc>Executes the given JavaScript code with possible arguments.</doc>
<status status="NOT RUN" starttime="20221111 20:38:43.657" endtime="20221111 20:38:43.657"/>
</kw>
<kw name="Regex Capturar Numero" library="testes">
<var>${numerViews}</var>
<arg>${nameViews}</arg>
<status status="NOT RUN" starttime="20221111 20:38:43.657" endtime="20221111 20:38:43.657"/>
</kw>
<status status="NOT RUN" starttime="20221111 20:38:43.657" endtime="20221111 20:38:43.658"/>
</branch>
<branch type="ELSE">
<if>
<branch type="IF" condition="${divisao} == False">
<kw name="Execute Javascript" library="SeleniumLibrary">
<var>${nameViews}</var>
<arg>return document.querySelectorAll('.number')[${counter}].title</arg>
<doc>Executes the given JavaScript code with possible arguments.</doc>
<msg timestamp="20221111 20:38:43.658" level="INFO">Executing JavaScript:
return document.querySelectorAll('.number')[7].title
Without any arguments.</msg>
<msg timestamp="20221111 20:38:43.666" level="INFO">${nameViews} = this topic has been viewed 291 times</msg>
<status status="PASS" starttime="20221111 20:38:43.658" endtime="20221111 20:38:43.666"/>
</kw>
<kw name="Regex Capturar Numero" library="testes">
<var>${numerViews}</var>
<arg>${nameViews}</arg>
<msg timestamp="20221111 20:38:43.666" level="INFO">291</msg>
<msg timestamp="20221111 20:38:43.666" level="INFO">${numerViews} = 291</msg>
<status status="PASS" starttime="20221111 20:38:43.666" endtime="20221111 20:38:43.666"/>
</kw>
<kw name="Evaluate" library="BuiltIn">
<var>${lengthTopics}</var>
<arg>${lengthTopics} +1</arg>
<doc>Evaluates the given expression in Python and returns the result.</doc>
<msg timestamp="20221111 20:38:43.667" level="INFO">${lengthTopics} = 4</msg>
<status status="PASS" starttime="20221111 20:38:43.666" endtime="20221111 20:38:43.667"/>
</kw>
<status status="PASS" starttime="20221111 20:38:43.658" endtime="20221111 20:38:43.667"/>
</branch>
<status status="PASS" starttime="20221111 20:38:43.658" endtime="20221111 20:38:43.667"/>
</if>
<status status="PASS" starttime="20221111 20:38:43.658" endtime="20221111 20:38:43.667"/>
</branch>
<status status="PASS" starttime="20221111 20:38:43.657" endtime="20221111 20:38:43.667"/>
</if>
<if>
<branch type="IF" condition="${numerViews} &gt; ${numerViewsOld}">
<kw name="Set Variable" library="BuiltIn">
<var>${numerViewsOld}</var>
<arg>${numerViews}</arg>
<doc>Returns the given values which can then be assigned to a variables.</doc>
<status status="NOT RUN" starttime="20221111 20:38:43.667" endtime="20221111 20:38:43.667"/>
</kw>
<kw name="Set Variable" library="BuiltIn">
<var>${counter_topic}</var>
<arg>${lengthTopics} -1</arg>
<doc>Returns the given values which can then be assigned to a variables.</doc>
<status status="NOT RUN" starttime="20221111 20:38:43.667" endtime="20221111 20:38:43.667"/>
</kw>
<status status="NOT RUN" starttime="20221111 20:38:43.667" endtime="20221111 20:38:43.667"/>
</branch>
<status status="PASS" starttime="20221111 20:38:43.667" endtime="20221111 20:38:43.667"/>
</if>
<status status="PASS" starttime="20221111 20:38:43.657" endtime="20221111 20:38:43.667"/>
</iter>
<iter>
<var name="${counter}">8</var>
<kw name="Evaluate" library="BuiltIn">
<var>${divisao}</var>
<arg>${counter} % 2 == 0</arg>
<doc>Evaluates the given expression in Python and returns the result.</doc>
<msg timestamp="20221111 20:38:43.668" level="INFO">${divisao} = True</msg>
<status status="PASS" starttime="20221111 20:38:43.668" endtime="20221111 20:38:43.668"/>
</kw>
<if>
<branch type="IF" condition="${counter} == 0">
<kw name="Execute Javascript" library="SeleniumLibrary">
<var>${nameViews}</var>
<arg>return document.querySelectorAll('.number')[1].title</arg>
<doc>Executes the given JavaScript code with possible arguments.</doc>
<status status="NOT RUN" starttime="20221111 20:38:43.668" endtime="20221111 20:38:43.668"/>
</kw>
<kw name="Regex Capturar Numero" library="testes">
<var>${numerViews}</var>
<arg>${nameViews}</arg>
<status status="NOT RUN" starttime="20221111 20:38:43.668" endtime="20221111 20:38:43.668"/>
</kw>
<status status="NOT RUN" starttime="20221111 20:38:43.668" endtime="20221111 20:38:43.668"/>
</branch>
<branch type="ELSE">
<if>
<branch type="IF" condition="${divisao} == False">
<kw name="Execute Javascript" library="SeleniumLibrary">
<var>${nameViews}</var>
<arg>return document.querySelectorAll('.number')[${counter}].title</arg>
<doc>Executes the given JavaScript code with possible arguments.</doc>
<status status="NOT RUN" starttime="20221111 20:38:43.669" endtime="20221111 20:38:43.669"/>
</kw>
<kw name="Regex Capturar Numero" library="testes">
<var>${numerViews}</var>
<arg>${nameViews}</arg>
<status status="NOT RUN" starttime="20221111 20:38:43.669" endtime="20221111 20:38:43.669"/>
</kw>
<kw name="Evaluate" library="BuiltIn">
<var>${lengthTopics}</var>
<arg>${lengthTopics} +1</arg>
<doc>Evaluates the given expression in Python and returns the result.</doc>
<status status="NOT RUN" starttime="20221111 20:38:43.669" endtime="20221111 20:38:43.669"/>
</kw>
<status status="NOT RUN" starttime="20221111 20:38:43.668" endtime="20221111 20:38:43.669"/>
</branch>
<status status="PASS" starttime="20221111 20:38:43.668" endtime="20221111 20:38:43.669"/>
</if>
<status status="PASS" starttime="20221111 20:38:43.668" endtime="20221111 20:38:43.669"/>
</branch>
<status status="PASS" starttime="20221111 20:38:43.668" endtime="20221111 20:38:43.669"/>
</if>
<if>
<branch type="IF" condition="${numerViews} &gt; ${numerViewsOld}">
<kw name="Set Variable" library="BuiltIn">
<var>${numerViewsOld}</var>
<arg>${numerViews}</arg>
<doc>Returns the given values which can then be assigned to a variables.</doc>
<status status="NOT RUN" starttime="20221111 20:38:43.669" endtime="20221111 20:38:43.669"/>
</kw>
<kw name="Set Variable" library="BuiltIn">
<var>${counter_topic}</var>
<arg>${lengthTopics} -1</arg>
<doc>Returns the given values which can then be assigned to a variables.</doc>
<status status="NOT RUN" starttime="20221111 20:38:43.670" endtime="20221111 20:38:43.670"/>
</kw>
<status status="NOT RUN" starttime="20221111 20:38:43.669" endtime="20221111 20:38:43.670"/>
</branch>
<status status="PASS" starttime="20221111 20:38:43.669" endtime="20221111 20:38:43.670"/>
</if>
<status status="PASS" starttime="20221111 20:38:43.668" endtime="20221111 20:38:43.670"/>
</iter>
<iter>
<var name="${counter}">9</var>
<kw name="Evaluate" library="BuiltIn">
<var>${divisao}</var>
<arg>${counter} % 2 == 0</arg>
<doc>Evaluates the given expression in Python and returns the result.</doc>
<msg timestamp="20221111 20:38:43.670" level="INFO">${divisao} = False</msg>
<status status="PASS" starttime="20221111 20:38:43.670" endtime="20221111 20:38:43.670"/>
</kw>
<if>
<branch type="IF" condition="${counter} == 0">
<kw name="Execute Javascript" library="SeleniumLibrary">
<var>${nameViews}</var>
<arg>return document.querySelectorAll('.number')[1].title</arg>
<doc>Executes the given JavaScript code with possible arguments.</doc>
<status status="NOT RUN" starttime="20221111 20:38:43.670" endtime="20221111 20:38:43.671"/>
</kw>
<kw name="Regex Capturar Numero" library="testes">
<var>${numerViews}</var>
<arg>${nameViews}</arg>
<status status="NOT RUN" starttime="20221111 20:38:43.671" endtime="20221111 20:38:43.671"/>
</kw>
<status status="NOT RUN" starttime="20221111 20:38:43.670" endtime="20221111 20:38:43.671"/>
</branch>
<branch type="ELSE">
<if>
<branch type="IF" condition="${divisao} == False">
<kw name="Execute Javascript" library="SeleniumLibrary">
<var>${nameViews}</var>
<arg>return document.querySelectorAll('.number')[${counter}].title</arg>
<doc>Executes the given JavaScript code with possible arguments.</doc>
<msg timestamp="20221111 20:38:43.671" level="INFO">Executing JavaScript:
return document.querySelectorAll('.number')[9].title
Without any arguments.</msg>
<msg timestamp="20221111 20:38:43.682" level="INFO">${nameViews} = this topic has been viewed 366 times</msg>
<status status="PASS" starttime="20221111 20:38:43.671" endtime="20221111 20:38:43.682"/>
</kw>
<kw name="Regex Capturar Numero" library="testes">
<var>${numerViews}</var>
<arg>${nameViews}</arg>
<msg timestamp="20221111 20:38:43.683" level="INFO">366</msg>
<msg timestamp="20221111 20:38:43.683" level="INFO">${numerViews} = 366</msg>
<status status="PASS" starttime="20221111 20:38:43.683" endtime="20221111 20:38:43.683"/>
</kw>
<kw name="Evaluate" library="BuiltIn">
<var>${lengthTopics}</var>
<arg>${lengthTopics} +1</arg>
<doc>Evaluates the given expression in Python and returns the result.</doc>
<msg timestamp="20221111 20:38:43.683" level="INFO">${lengthTopics} = 5</msg>
<status status="PASS" starttime="20221111 20:38:43.683" endtime="20221111 20:38:43.683"/>
</kw>
<status status="PASS" starttime="20221111 20:38:43.671" endtime="20221111 20:38:43.683"/>
</branch>
<status status="PASS" starttime="20221111 20:38:43.671" endtime="20221111 20:38:43.683"/>
</if>
<status status="PASS" starttime="20221111 20:38:43.671" endtime="20221111 20:38:43.683"/>
</branch>
<status status="PASS" starttime="20221111 20:38:43.670" endtime="20221111 20:38:43.683"/>
</if>
<if>
<branch type="IF" condition="${numerViews} &gt; ${numerViewsOld}">
<kw name="Set Variable" library="BuiltIn">
<var>${numerViewsOld}</var>
<arg>${numerViews}</arg>
<doc>Returns the given values which can then be assigned to a variables.</doc>
<status status="NOT RUN" starttime="20221111 20:38:43.684" endtime="20221111 20:38:43.684"/>
</kw>
<kw name="Set Variable" library="BuiltIn">
<var>${counter_topic}</var>
<arg>${lengthTopics} -1</arg>
<doc>Returns the given values which can then be assigned to a variables.</doc>
<status status="NOT RUN" starttime="20221111 20:38:43.684" endtime="20221111 20:38:43.684"/>
</kw>
<status status="NOT RUN" starttime="20221111 20:38:43.684" endtime="20221111 20:38:43.684"/>
</branch>
<status status="PASS" starttime="20221111 20:38:43.683" endtime="20221111 20:38:43.684"/>
</if>
<status status="PASS" starttime="20221111 20:38:43.670" endtime="20221111 20:38:43.684"/>
</iter>
<iter>
<var name="${counter}">10</var>
<kw name="Evaluate" library="BuiltIn">
<var>${divisao}</var>
<arg>${counter} % 2 == 0</arg>
<doc>Evaluates the given expression in Python and returns the result.</doc>
<msg timestamp="20221111 20:38:43.684" level="INFO">${divisao} = True</msg>
<status status="PASS" starttime="20221111 20:38:43.684" endtime="20221111 20:38:43.684"/>
</kw>
<if>
<branch type="IF" condition="${counter} == 0">
<kw name="Execute Javascript" library="SeleniumLibrary">
<var>${nameViews}</var>
<arg>return document.querySelectorAll('.number')[1].title</arg>
<doc>Executes the given JavaScript code with possible arguments.</doc>
<status status="NOT RUN" starttime="20221111 20:38:43.685" endtime="20221111 20:38:43.685"/>
</kw>
<kw name="Regex Capturar Numero" library="testes">
<var>${numerViews}</var>
<arg>${nameViews}</arg>
<status status="NOT RUN" starttime="20221111 20:38:43.685" endtime="20221111 20:38:43.685"/>
</kw>
<status status="NOT RUN" starttime="20221111 20:38:43.684" endtime="20221111 20:38:43.685"/>
</branch>
<branch type="ELSE">
<if>
<branch type="IF" condition="${divisao} == False">
<kw name="Execute Javascript" library="SeleniumLibrary">
<var>${nameViews}</var>
<arg>return document.querySelectorAll('.number')[${counter}].title</arg>
<doc>Executes the given JavaScript code with possible arguments.</doc>
<status status="NOT RUN" starttime="20221111 20:38:43.685" endtime="20221111 20:38:43.685"/>
</kw>
<kw name="Regex Capturar Numero" library="testes">
<var>${numerViews}</var>
<arg>${nameViews}</arg>
<status status="NOT RUN" starttime="20221111 20:38:43.685" endtime="20221111 20:38:43.685"/>
</kw>
<kw name="Evaluate" library="BuiltIn">
<var>${lengthTopics}</var>
<arg>${lengthTopics} +1</arg>
<doc>Evaluates the given expression in Python and returns the result.</doc>
<status status="NOT RUN" starttime="20221111 20:38:43.685" endtime="20221111 20:38:43.685"/>
</kw>
<status status="NOT RUN" starttime="20221111 20:38:43.685" endtime="20221111 20:38:43.686"/>
</branch>
<status status="PASS" starttime="20221111 20:38:43.685" endtime="20221111 20:38:43.686"/>
</if>
<status status="PASS" starttime="20221111 20:38:43.685" endtime="20221111 20:38:43.686"/>
</branch>
<status status="PASS" starttime="20221111 20:38:43.684" endtime="20221111 20:38:43.686"/>
</if>
<if>
<branch type="IF" condition="${numerViews} &gt; ${numerViewsOld}">
<kw name="Set Variable" library="BuiltIn">
<var>${numerViewsOld}</var>
<arg>${numerViews}</arg>
<doc>Returns the given values which can then be assigned to a variables.</doc>
<status status="NOT RUN" starttime="20221111 20:38:43.686" endtime="20221111 20:38:43.686"/>
</kw>
<kw name="Set Variable" library="BuiltIn">
<var>${counter_topic}</var>
<arg>${lengthTopics} -1</arg>
<doc>Returns the given values which can then be assigned to a variables.</doc>
<status status="NOT RUN" starttime="20221111 20:38:43.686" endtime="20221111 20:38:43.686"/>
</kw>
<status status="NOT RUN" starttime="20221111 20:38:43.686" endtime="20221111 20:38:43.686"/>
</branch>
<status status="PASS" starttime="20221111 20:38:43.686" endtime="20221111 20:38:43.686"/>
</if>
<status status="PASS" starttime="20221111 20:38:43.684" endtime="20221111 20:38:43.686"/>
</iter>
<iter>
<var name="${counter}">11</var>
<kw name="Evaluate" library="BuiltIn">
<var>${divisao}</var>
<arg>${counter} % 2 == 0</arg>
<doc>Evaluates the given expression in Python and returns the result.</doc>
<msg timestamp="20221111 20:38:43.687" level="INFO">${divisao} = False</msg>
<status status="PASS" starttime="20221111 20:38:43.686" endtime="20221111 20:38:43.687"/>
</kw>
<if>
<branch type="IF" condition="${counter} == 0">
<kw name="Execute Javascript" library="SeleniumLibrary">
<var>${nameViews}</var>
<arg>return document.querySelectorAll('.number')[1].title</arg>
<doc>Executes the given JavaScript code with possible arguments.</doc>
<status status="NOT RUN" starttime="20221111 20:38:43.687" endtime="20221111 20:38:43.687"/>
</kw>
<kw name="Regex Capturar Numero" library="testes">
<var>${numerViews}</var>
<arg>${nameViews}</arg>
<status status="NOT RUN" starttime="20221111 20:38:43.687" endtime="20221111 20:38:43.687"/>
</kw>
<status status="NOT RUN" starttime="20221111 20:38:43.687" endtime="20221111 20:38:43.687"/>
</branch>
<branch type="ELSE">
<if>
<branch type="IF" condition="${divisao} == False">
<kw name="Execute Javascript" library="SeleniumLibrary">
<var>${nameViews}</var>
<arg>return document.querySelectorAll('.number')[${counter}].title</arg>
<doc>Executes the given JavaScript code with possible arguments.</doc>
<msg timestamp="20221111 20:38:43.688" level="INFO">Executing JavaScript:
return document.querySelectorAll('.number')[11].title
Without any arguments.</msg>
<msg timestamp="20221111 20:38:43.693" level="INFO">${nameViews} = this topic has been viewed 382 times</msg>
<status status="PASS" starttime="20221111 20:38:43.687" endtime="20221111 20:38:43.693"/>
</kw>
<kw name="Regex Capturar Numero" library="testes">
<var>${numerViews}</var>
<arg>${nameViews}</arg>
<msg timestamp="20221111 20:38:43.694" level="INFO">382</msg>
<msg timestamp="20221111 20:38:43.694" level="INFO">${numerViews} = 382</msg>
<status status="PASS" starttime="20221111 20:38:43.693" endtime="20221111 20:38:43.694"/>
</kw>
<kw name="Evaluate" library="BuiltIn">
<var>${lengthTopics}</var>
<arg>${lengthTopics} +1</arg>
<doc>Evaluates the given expression in Python and returns the result.</doc>
<msg timestamp="20221111 20:38:43.695" level="INFO">${lengthTopics} = 6</msg>
<status status="PASS" starttime="20221111 20:38:43.694" endtime="20221111 20:38:43.695"/>
</kw>
<status status="PASS" starttime="20221111 20:38:43.687" endtime="20221111 20:38:43.695"/>
</branch>
<status status="PASS" starttime="20221111 20:38:43.687" endtime="20221111 20:38:43.695"/>
</if>
<status status="PASS" starttime="20221111 20:38:43.687" endtime="20221111 20:38:43.695"/>
</branch>
<status status="PASS" starttime="20221111 20:38:43.687" endtime="20221111 20:38:43.695"/>
</if>
<if>
<branch type="IF" condition="${numerViews} &gt; ${numerViewsOld}">
<kw name="Set Variable" library="BuiltIn">
<var>${numerViewsOld}</var>
<arg>${numerViews}</arg>
<doc>Returns the given values which can then be assigned to a variables.</doc>
<status status="NOT RUN" starttime="20221111 20:38:43.696" endtime="20221111 20:38:43.696"/>
</kw>
<kw name="Set Variable" library="BuiltIn">
<var>${counter_topic}</var>
<arg>${lengthTopics} -1</arg>
<doc>Returns the given values which can then be assigned to a variables.</doc>
<status status="NOT RUN" starttime="20221111 20:38:43.697" endtime="20221111 20:38:43.697"/>
</kw>
<status status="NOT RUN" starttime="20221111 20:38:43.696" endtime="20221111 20:38:43.697"/>
</branch>
<status status="PASS" starttime="20221111 20:38:43.695" endtime="20221111 20:38:43.697"/>
</if>
<status status="PASS" starttime="20221111 20:38:43.686" endtime="20221111 20:38:43.697"/>
</iter>
<iter>
<var name="${counter}">12</var>
<kw name="Evaluate" library="BuiltIn">
<var>${divisao}</var>
<arg>${counter} % 2 == 0</arg>
<doc>Evaluates the given expression in Python and returns the result.</doc>
<msg timestamp="20221111 20:38:43.697" level="INFO">${divisao} = True</msg>
<status status="PASS" starttime="20221111 20:38:43.697" endtime="20221111 20:38:43.698"/>
</kw>
<if>
<branch type="IF" condition="${counter} == 0">
<kw name="Execute Javascript" library="SeleniumLibrary">
<var>${nameViews}</var>
<arg>return document.querySelectorAll('.number')[1].title</arg>
<doc>Executes the given JavaScript code with possible arguments.</doc>
<status status="NOT RUN" starttime="20221111 20:38:43.698" endtime="20221111 20:38:43.698"/>
</kw>
<kw name="Regex Capturar Numero" library="testes">
<var>${numerViews}</var>
<arg>${nameViews}</arg>
<status status="NOT RUN" starttime="20221111 20:38:43.698" endtime="20221111 20:38:43.698"/>
</kw>
<status status="NOT RUN" starttime="20221111 20:38:43.698" endtime="20221111 20:38:43.698"/>
</branch>
<branch type="ELSE">
<if>
<branch type="IF" condition="${divisao} == False">
<kw name="Execute Javascript" library="SeleniumLibrary">
<var>${nameViews}</var>
<arg>return document.querySelectorAll('.number')[${counter}].title</arg>
<doc>Executes the given JavaScript code with possible arguments.</doc>
<status status="NOT RUN" starttime="20221111 20:38:43.698" endtime="20221111 20:38:43.698"/>
</kw>
<kw name="Regex Capturar Numero" library="testes">
<var>${numerViews}</var>
<arg>${nameViews}</arg>
<status status="NOT RUN" starttime="20221111 20:38:43.698" endtime="20221111 20:38:43.699"/>
</kw>
<kw name="Evaluate" library="BuiltIn">
<var>${lengthTopics}</var>
<arg>${lengthTopics} +1</arg>
<doc>Evaluates the given expression in Python and returns the result.</doc>
<status status="NOT RUN" starttime="20221111 20:38:43.699" endtime="20221111 20:38:43.699"/>
</kw>
<status status="NOT RUN" starttime="20221111 20:38:43.698" endtime="20221111 20:38:43.699"/>
</branch>
<status status="PASS" starttime="20221111 20:38:43.698" endtime="20221111 20:38:43.699"/>
</if>
<status status="PASS" starttime="20221111 20:38:43.698" endtime="20221111 20:38:43.699"/>
</branch>
<status status="PASS" starttime="20221111 20:38:43.698" endtime="20221111 20:38:43.699"/>
</if>
<if>
<branch type="IF" condition="${numerViews} &gt; ${numerViewsOld}">
<kw name="Set Variable" library="BuiltIn">
<var>${numerViewsOld}</var>
<arg>${numerViews}</arg>
<doc>Returns the given values which can then be assigned to a variables.</doc>
<status status="NOT RUN" starttime="20221111 20:38:43.699" endtime="20221111 20:38:43.700"/>
</kw>
<kw name="Set Variable" library="BuiltIn">
<var>${counter_topic}</var>
<arg>${lengthTopics} -1</arg>
<doc>Returns the given values which can then be assigned to a variables.</doc>
<status status="NOT RUN" starttime="20221111 20:38:43.700" endtime="20221111 20:38:43.700"/>
</kw>
<status status="NOT RUN" starttime="20221111 20:38:43.699" endtime="20221111 20:38:43.700"/>
</branch>
<status status="PASS" starttime="20221111 20:38:43.699" endtime="20221111 20:38:43.700"/>
</if>
<status status="PASS" starttime="20221111 20:38:43.697" endtime="20221111 20:38:43.700"/>
</iter>
<iter>
<var name="${counter}">13</var>
<kw name="Evaluate" library="BuiltIn">
<var>${divisao}</var>
<arg>${counter} % 2 == 0</arg>
<doc>Evaluates the given expression in Python and returns the result.</doc>
<msg timestamp="20221111 20:38:43.701" level="INFO">${divisao} = False</msg>
<status status="PASS" starttime="20221111 20:38:43.700" endtime="20221111 20:38:43.701"/>
</kw>
<if>
<branch type="IF" condition="${counter} == 0">
<kw name="Execute Javascript" library="SeleniumLibrary">
<var>${nameViews}</var>
<arg>return document.querySelectorAll('.number')[1].title</arg>
<doc>Executes the given JavaScript code with possible arguments.</doc>
<status status="NOT RUN" starttime="20221111 20:38:43.701" endtime="20221111 20:38:43.701"/>
</kw>
<kw name="Regex Capturar Numero" library="testes">
<var>${numerViews}</var>
<arg>${nameViews}</arg>
<status status="NOT RUN" starttime="20221111 20:38:43.701" endtime="20221111 20:38:43.701"/>
</kw>
<status status="NOT RUN" starttime="20221111 20:38:43.701" endtime="20221111 20:38:43.701"/>
</branch>
<branch type="ELSE">
<if>
<branch type="IF" condition="${divisao} == False">
<kw name="Execute Javascript" library="SeleniumLibrary">
<var>${nameViews}</var>
<arg>return document.querySelectorAll('.number')[${counter}].title</arg>
<doc>Executes the given JavaScript code with possible arguments.</doc>
<msg timestamp="20221111 20:38:43.702" level="INFO">Executing JavaScript:
return document.querySelectorAll('.number')[13].title
Without any arguments.</msg>
<msg timestamp="20221111 20:38:43.707" level="INFO">${nameViews} = this topic has been viewed 374 times</msg>
<status status="PASS" starttime="20221111 20:38:43.702" endtime="20221111 20:38:43.707"/>
</kw>
<kw name="Regex Capturar Numero" library="testes">
<var>${numerViews}</var>
<arg>${nameViews}</arg>
<msg timestamp="20221111 20:38:43.708" level="INFO">374</msg>
<msg timestamp="20221111 20:38:43.708" level="INFO">${numerViews} = 374</msg>
<status status="PASS" starttime="20221111 20:38:43.707" endtime="20221111 20:38:43.708"/>
</kw>
<kw name="Evaluate" library="BuiltIn">
<var>${lengthTopics}</var>
<arg>${lengthTopics} +1</arg>
<doc>Evaluates the given expression in Python and returns the result.</doc>
<msg timestamp="20221111 20:38:43.708" level="INFO">${lengthTopics} = 7</msg>
<status status="PASS" starttime="20221111 20:38:43.708" endtime="20221111 20:38:43.708"/>
</kw>
<status status="PASS" starttime="20221111 20:38:43.702" endtime="20221111 20:38:43.708"/>
</branch>
<status status="PASS" starttime="20221111 20:38:43.701" endtime="20221111 20:38:43.708"/>
</if>
<status status="PASS" starttime="20221111 20:38:43.701" endtime="20221111 20:38:43.708"/>
</branch>
<status status="PASS" starttime="20221111 20:38:43.701" endtime="20221111 20:38:43.709"/>
</if>
<if>
<branch type="IF" condition="${numerViews} &gt; ${numerViewsOld}">
<kw name="Set Variable" library="BuiltIn">
<var>${numerViewsOld}</var>
<arg>${numerViews}</arg>
<doc>Returns the given values which can then be assigned to a variables.</doc>
<status status="NOT RUN" starttime="20221111 20:38:43.709" endtime="20221111 20:38:43.709"/>
</kw>
<kw name="Set Variable" library="BuiltIn">
<var>${counter_topic}</var>
<arg>${lengthTopics} -1</arg>
<doc>Returns the given values which can then be assigned to a variables.</doc>
<status status="NOT RUN" starttime="20221111 20:38:43.709" endtime="20221111 20:38:43.709"/>
</kw>
<status status="NOT RUN" starttime="20221111 20:38:43.709" endtime="20221111 20:38:43.709"/>
</branch>
<status status="PASS" starttime="20221111 20:38:43.709" endtime="20221111 20:38:43.709"/>
</if>
<status status="PASS" starttime="20221111 20:38:43.700" endtime="20221111 20:38:43.709"/>
</iter>
<iter>
<var name="${counter}">14</var>
<kw name="Evaluate" library="BuiltIn">
<var>${divisao}</var>
<arg>${counter} % 2 == 0</arg>
<doc>Evaluates the given expression in Python and returns the result.</doc>
<msg timestamp="20221111 20:38:43.710" level="INFO">${divisao} = True</msg>
<status status="PASS" starttime="20221111 20:38:43.710" endtime="20221111 20:38:43.710"/>
</kw>
<if>
<branch type="IF" condition="${counter} == 0">
<kw name="Execute Javascript" library="SeleniumLibrary">
<var>${nameViews}</var>
<arg>return document.querySelectorAll('.number')[1].title</arg>
<doc>Executes the given JavaScript code with possible arguments.</doc>
<status status="NOT RUN" starttime="20221111 20:38:43.710" endtime="20221111 20:38:43.711"/>
</kw>
<kw name="Regex Capturar Numero" library="testes">
<var>${numerViews}</var>
<arg>${nameViews}</arg>
<status status="NOT RUN" starttime="20221111 20:38:43.711" endtime="20221111 20:38:43.711"/>
</kw>
<status status="NOT RUN" starttime="20221111 20:38:43.710" endtime="20221111 20:38:43.711"/>
</branch>
<branch type="ELSE">
<if>
<branch type="IF" condition="${divisao} == False">
<kw name="Execute Javascript" library="SeleniumLibrary">
<var>${nameViews}</var>
<arg>return document.querySelectorAll('.number')[${counter}].title</arg>
<doc>Executes the given JavaScript code with possible arguments.</doc>
<status status="NOT RUN" starttime="20221111 20:38:43.711" endtime="20221111 20:38:43.711"/>
</kw>
<kw name="Regex Capturar Numero" library="testes">
<var>${numerViews}</var>
<arg>${nameViews}</arg>
<status status="NOT RUN" starttime="20221111 20:38:43.712" endtime="20221111 20:38:43.712"/>
</kw>
<kw name="Evaluate" library="BuiltIn">
<var>${lengthTopics}</var>
<arg>${lengthTopics} +1</arg>
<doc>Evaluates the given expression in Python and returns the result.</doc>
<status status="NOT RUN" starttime="20221111 20:38:43.712" endtime="20221111 20:38:43.712"/>
</kw>
<status status="NOT RUN" starttime="20221111 20:38:43.711" endtime="20221111 20:38:43.712"/>
</branch>
<status status="PASS" starttime="20221111 20:38:43.711" endtime="20221111 20:38:43.712"/>
</if>
<status status="PASS" starttime="20221111 20:38:43.711" endtime="20221111 20:38:43.712"/>
</branch>
<status status="PASS" starttime="20221111 20:38:43.710" endtime="20221111 20:38:43.712"/>
</if>
<if>
<branch type="IF" condition="${numerViews} &gt; ${numerViewsOld}">
<kw name="Set Variable" library="BuiltIn">
<var>${numerViewsOld}</var>
<arg>${numerViews}</arg>
<doc>Returns the given values which can then be assigned to a variables.</doc>
<status status="NOT RUN" starttime="20221111 20:38:43.713" endtime="20221111 20:38:43.713"/>
</kw>
<kw name="Set Variable" library="BuiltIn">
<var>${counter_topic}</var>
<arg>${lengthTopics} -1</arg>
<doc>Returns the given values which can then be assigned to a variables.</doc>
<status status="NOT RUN" starttime="20221111 20:38:43.713" endtime="20221111 20:38:43.713"/>
</kw>
<status status="NOT RUN" starttime="20221111 20:38:43.713" endtime="20221111 20:38:43.713"/>
</branch>
<status status="PASS" starttime="20221111 20:38:43.712" endtime="20221111 20:38:43.713"/>
</if>
<status status="PASS" starttime="20221111 20:38:43.710" endtime="20221111 20:38:43.713"/>
</iter>
<iter>
<var name="${counter}">15</var>
<kw name="Evaluate" library="BuiltIn">
<var>${divisao}</var>
<arg>${counter} % 2 == 0</arg>
<doc>Evaluates the given expression in Python and returns the result.</doc>
<msg timestamp="20221111 20:38:43.714" level="INFO">${divisao} = False</msg>
<status status="PASS" starttime="20221111 20:38:43.714" endtime="20221111 20:38:43.715"/>
</kw>
<if>
<branch type="IF" condition="${counter} == 0">
<kw name="Execute Javascript" library="SeleniumLibrary">
<var>${nameViews}</var>
<arg>return document.querySelectorAll('.number')[1].title</arg>
<doc>Executes the given JavaScript code with possible arguments.</doc>
<status status="NOT RUN" starttime="20221111 20:38:43.715" endtime="20221111 20:38:43.715"/>
</kw>
<kw name="Regex Capturar Numero" library="testes">
<var>${numerViews}</var>
<arg>${nameViews}</arg>
<status status="NOT RUN" starttime="20221111 20:38:43.716" endtime="20221111 20:38:43.716"/>
</kw>
<status status="NOT RUN" starttime="20221111 20:38:43.715" endtime="20221111 20:38:43.716"/>
</branch>
<branch type="ELSE">
<if>
<branch type="IF" condition="${divisao} == False">
<kw name="Execute Javascript" library="SeleniumLibrary">
<var>${nameViews}</var>
<arg>return document.querySelectorAll('.number')[${counter}].title</arg>
<doc>Executes the given JavaScript code with possible arguments.</doc>
<msg timestamp="20221111 20:38:43.716" level="INFO">Executing JavaScript:
return document.querySelectorAll('.number')[15].title
Without any arguments.</msg>
<msg timestamp="20221111 20:38:43.721" level="INFO">${nameViews} = this topic has been viewed 373 times</msg>
<status status="PASS" starttime="20221111 20:38:43.716" endtime="20221111 20:38:43.722"/>
</kw>
<kw name="Regex Capturar Numero" library="testes">
<var>${numerViews}</var>
<arg>${nameViews}</arg>
<msg timestamp="20221111 20:38:43.722" level="INFO">373</msg>
<msg timestamp="20221111 20:38:43.723" level="INFO">${numerViews} = 373</msg>
<status status="PASS" starttime="20221111 20:38:43.722" endtime="20221111 20:38:43.723"/>
</kw>
<kw name="Evaluate" library="BuiltIn">
<var>${lengthTopics}</var>
<arg>${lengthTopics} +1</arg>
<doc>Evaluates the given expression in Python and returns the result.</doc>
<msg timestamp="20221111 20:38:43.723" level="INFO">${lengthTopics} = 8</msg>
<status status="PASS" starttime="20221111 20:38:43.723" endtime="20221111 20:38:43.723"/>
</kw>
<status status="PASS" starttime="20221111 20:38:43.716" endtime="20221111 20:38:43.723"/>
</branch>
<status status="PASS" starttime="20221111 20:38:43.716" endtime="20221111 20:38:43.723"/>
</if>
<status status="PASS" starttime="20221111 20:38:43.716" endtime="20221111 20:38:43.723"/>
</branch>
<status status="PASS" starttime="20221111 20:38:43.715" endtime="20221111 20:38:43.723"/>
</if>
<if>
<branch type="IF" condition="${numerViews} &gt; ${numerViewsOld}">
<kw name="Set Variable" library="BuiltIn">
<var>${numerViewsOld}</var>
<arg>${numerViews}</arg>
<doc>Returns the given values which can then be assigned to a variables.</doc>
<status status="NOT RUN" starttime="20221111 20:38:43.724" endtime="20221111 20:38:43.724"/>
</kw>
<kw name="Set Variable" library="BuiltIn">
<var>${counter_topic}</var>
<arg>${lengthTopics} -1</arg>
<doc>Returns the given values which can then be assigned to a variables.</doc>
<status status="NOT RUN" starttime="20221111 20:38:43.724" endtime="20221111 20:38:43.724"/>
</kw>
<status status="NOT RUN" starttime="20221111 20:38:43.723" endtime="20221111 20:38:43.724"/>
</branch>
<status status="PASS" starttime="20221111 20:38:43.723" endtime="20221111 20:38:43.724"/>
</if>
<status status="PASS" starttime="20221111 20:38:43.714" endtime="20221111 20:38:43.724"/>
</iter>
<iter>
<var name="${counter}">16</var>
<kw name="Evaluate" library="BuiltIn">
<var>${divisao}</var>
<arg>${counter} % 2 == 0</arg>
<doc>Evaluates the given expression in Python and returns the result.</doc>
<msg timestamp="20221111 20:38:43.725" level="INFO">${divisao} = True</msg>
<status status="PASS" starttime="20221111 20:38:43.724" endtime="20221111 20:38:43.725"/>
</kw>
<if>
<branch type="IF" condition="${counter} == 0">
<kw name="Execute Javascript" library="SeleniumLibrary">
<var>${nameViews}</var>
<arg>return document.querySelectorAll('.number')[1].title</arg>
<doc>Executes the given JavaScript code with possible arguments.</doc>
<status status="NOT RUN" starttime="20221111 20:38:43.725" endtime="20221111 20:38:43.725"/>
</kw>
<kw name="Regex Capturar Numero" library="testes">
<var>${numerViews}</var>
<arg>${nameViews}</arg>
<status status="NOT RUN" starttime="20221111 20:38:43.725" endtime="20221111 20:38:43.725"/>
</kw>
<status status="NOT RUN" starttime="20221111 20:38:43.725" endtime="20221111 20:38:43.725"/>
</branch>
<branch type="ELSE">
<if>
<branch type="IF" condition="${divisao} == False">
<kw name="Execute Javascript" library="SeleniumLibrary">
<var>${nameViews}</var>
<arg>return document.querySelectorAll('.number')[${counter}].title</arg>
<doc>Executes the given JavaScript code with possible arguments.</doc>
<status status="NOT RUN" starttime="20221111 20:38:43.725" endtime="20221111 20:38:43.725"/>
</kw>
<kw name="Regex Capturar Numero" library="testes">
<var>${numerViews}</var>
<arg>${nameViews}</arg>
<status status="NOT RUN" starttime="20221111 20:38:43.726" endtime="20221111 20:38:43.726"/>
</kw>
<kw name="Evaluate" library="BuiltIn">
<var>${lengthTopics}</var>
<arg>${lengthTopics} +1</arg>
<doc>Evaluates the given expression in Python and returns the result.</doc>
<status status="NOT RUN" starttime="20221111 20:38:43.726" endtime="20221111 20:38:43.726"/>
</kw>
<status status="NOT RUN" starttime="20221111 20:38:43.725" endtime="20221111 20:38:43.726"/>
</branch>
<status status="PASS" starttime="20221111 20:38:43.725" endtime="20221111 20:38:43.726"/>
</if>
<status status="PASS" starttime="20221111 20:38:43.725" endtime="20221111 20:38:43.726"/>
</branch>
<status status="PASS" starttime="20221111 20:38:43.725" endtime="20221111 20:38:43.726"/>
</if>
<if>
<branch type="IF" condition="${numerViews} &gt; ${numerViewsOld}">
<kw name="Set Variable" library="BuiltIn">
<var>${numerViewsOld}</var>
<arg>${numerViews}</arg>
<doc>Returns the given values which can then be assigned to a variables.</doc>
<status status="NOT RUN" starttime="20221111 20:38:43.726" endtime="20221111 20:38:43.726"/>
</kw>
<kw name="Set Variable" library="BuiltIn">
<var>${counter_topic}</var>
<arg>${lengthTopics} -1</arg>
<doc>Returns the given values which can then be assigned to a variables.</doc>
<status status="NOT RUN" starttime="20221111 20:38:43.726" endtime="20221111 20:38:43.726"/>
</kw>
<status status="NOT RUN" starttime="20221111 20:38:43.726" endtime="20221111 20:38:43.726"/>
</branch>
<status status="PASS" starttime="20221111 20:38:43.726" endtime="20221111 20:38:43.726"/>
</if>
<status status="PASS" starttime="20221111 20:38:43.724" endtime="20221111 20:38:43.726"/>
</iter>
<iter>
<var name="${counter}">17</var>
<kw name="Evaluate" library="BuiltIn">
<var>${divisao}</var>
<arg>${counter} % 2 == 0</arg>
<doc>Evaluates the given expression in Python and returns the result.</doc>
<msg timestamp="20221111 20:38:43.727" level="INFO">${divisao} = False</msg>
<status status="PASS" starttime="20221111 20:38:43.727" endtime="20221111 20:38:43.727"/>
</kw>
<if>
<branch type="IF" condition="${counter} == 0">
<kw name="Execute Javascript" library="SeleniumLibrary">
<var>${nameViews}</var>
<arg>return document.querySelectorAll('.number')[1].title</arg>
<doc>Executes the given JavaScript code with possible arguments.</doc>
<status status="NOT RUN" starttime="20221111 20:38:43.727" endtime="20221111 20:38:43.727"/>
</kw>
<kw name="Regex Capturar Numero" library="testes">
<var>${numerViews}</var>
<arg>${nameViews}</arg>
<status status="NOT RUN" starttime="20221111 20:38:43.728" endtime="20221111 20:38:43.728"/>
</kw>
<status status="NOT RUN" starttime="20221111 20:38:43.727" endtime="20221111 20:38:43.728"/>
</branch>
<branch type="ELSE">
<if>
<branch type="IF" condition="${divisao} == False">
<kw name="Execute Javascript" library="SeleniumLibrary">
<var>${nameViews}</var>
<arg>return document.querySelectorAll('.number')[${counter}].title</arg>
<doc>Executes the given JavaScript code with possible arguments.</doc>
<msg timestamp="20221111 20:38:43.729" level="INFO">Executing JavaScript:
return document.querySelectorAll('.number')[17].title
Without any arguments.</msg>
<msg timestamp="20221111 20:38:43.735" level="INFO">${nameViews} = this topic has been viewed 364 times</msg>
<status status="PASS" starttime="20221111 20:38:43.728" endtime="20221111 20:38:43.736"/>
</kw>
<kw name="Regex Capturar Numero" library="testes">
<var>${numerViews}</var>
<arg>${nameViews}</arg>
<msg timestamp="20221111 20:38:43.736" level="INFO">364</msg>
<msg timestamp="20221111 20:38:43.736" level="INFO">${numerViews} = 364</msg>
<status status="PASS" starttime="20221111 20:38:43.736" endtime="20221111 20:38:43.736"/>
</kw>
<kw name="Evaluate" library="BuiltIn">
<var>${lengthTopics}</var>
<arg>${lengthTopics} +1</arg>
<doc>Evaluates the given expression in Python and returns the result.</doc>
<msg timestamp="20221111 20:38:43.737" level="INFO">${lengthTopics} = 9</msg>
<status status="PASS" starttime="20221111 20:38:43.736" endtime="20221111 20:38:43.737"/>
</kw>
<status status="PASS" starttime="20221111 20:38:43.728" endtime="20221111 20:38:43.737"/>
</branch>
<status status="PASS" starttime="20221111 20:38:43.728" endtime="20221111 20:38:43.737"/>
</if>
<status status="PASS" starttime="20221111 20:38:43.728" endtime="20221111 20:38:43.737"/>
</branch>
<status status="PASS" starttime="20221111 20:38:43.727" endtime="20221111 20:38:43.737"/>
</if>
<if>
<branch type="IF" condition="${numerViews} &gt; ${numerViewsOld}">
<kw name="Set Variable" library="BuiltIn">
<var>${numerViewsOld}</var>
<arg>${numerViews}</arg>
[...]
</branch>
<status status="PASS" starttime="20221111 20:38:44.167" endtime="20221111 20:38:44.168"/>
</if>
<status status="PASS" starttime="20221111 20:38:44.165" endtime="20221111 20:38:44.168"/>
</iter>
<iter>
<var name="${counter}">83</var>
<kw name="Evaluate" library="BuiltIn">
<var>${divisao}</var>
<arg>${counter} % 2 == 0</arg>
<doc>Evaluates the given expression in Python and returns the result.</doc>
<msg timestamp="20221111 20:38:44.169" level="INFO">${divisao} = False</msg>
<status status="PASS" starttime="20221111 20:38:44.169" endtime="20221111 20:38:44.169"/>
</kw>
<if>
<branch type="IF" condition="${counter} == 0">
<kw name="Execute Javascript" library="SeleniumLibrary">
<var>${nameViews}</var>
<arg>return document.querySelectorAll('.number')[1].title</arg>
<doc>Executes the given JavaScript code with possible arguments.</doc>
<status status="NOT RUN" starttime="20221111 20:38:44.169" endtime="20221111 20:38:44.169"/>
</kw>
<kw name="Regex Capturar Numero" library="testes">
<var>${numerViews}</var>
<arg>${nameViews}</arg>
<status status="NOT RUN" starttime="20221111 20:38:44.169" endtime="20221111 20:38:44.169"/>
</kw>
<status status="NOT RUN" starttime="20221111 20:38:44.169" endtime="20221111 20:38:44.169"/>
</branch>
<branch type="ELSE">
<if>
<branch type="IF" condition="${divisao} == False">
<kw name="Execute Javascript" library="SeleniumLibrary">
<var>${nameViews}</var>
<arg>return document.querySelectorAll('.number')[${counter}].title</arg>
<doc>Executes the given JavaScript code with possible arguments.</doc>
<msg timestamp="20221111 20:38:44.170" level="INFO">Executing JavaScript:
return document.querySelectorAll('.number')[83].title
Without any arguments.</msg>
<msg timestamp="20221111 20:38:44.175" level="INFO">${nameViews} = this topic has been viewed 105 times</msg>
<status status="PASS" starttime="20221111 20:38:44.170" endtime="20221111 20:38:44.175"/>
</kw>
<kw name="Regex Capturar Numero" library="testes">
<var>${numerViews}</var>
<arg>${nameViews}</arg>
<msg timestamp="20221111 20:38:44.175" level="INFO">105</msg>
<msg timestamp="20221111 20:38:44.175" level="INFO">${numerViews} = 105</msg>
<status status="PASS" starttime="20221111 20:38:44.175" endtime="20221111 20:38:44.176"/>
</kw>
<kw name="Evaluate" library="BuiltIn">
<var>${lengthTopics}</var>
<arg>${lengthTopics} +1</arg>
<doc>Evaluates the given expression in Python and returns the result.</doc>
<msg timestamp="20221111 20:38:44.176" level="INFO">${lengthTopics} = 42</msg>
<status status="PASS" starttime="20221111 20:38:44.176" endtime="20221111 20:38:44.176"/>
</kw>
<status status="PASS" starttime="20221111 20:38:44.169" endtime="20221111 20:38:44.176"/>
</branch>
<status status="PASS" starttime="20221111 20:38:44.169" endtime="20221111 20:38:44.176"/>
</if>
<status status="PASS" starttime="20221111 20:38:44.169" endtime="20221111 20:38:44.176"/>
</branch>
<status status="PASS" starttime="20221111 20:38:44.169" endtime="20221111 20:38:44.176"/>
</if>
<if>
<branch type="IF" condition="${numerViews} &gt; ${numerViewsOld}">
<kw name="Set Variable" library="BuiltIn">
<var>${numerViewsOld}</var>
<arg>${numerViews}</arg>
<doc>Returns the given values which can then be assigned to a variables.</doc>
<status status="NOT RUN" starttime="20221111 20:38:44.176" endtime="20221111 20:38:44.176"/>
</kw>
<kw name="Set Variable" library="BuiltIn">
<var>${counter_topic}</var>
<arg>${lengthTopics} -1</arg>
<doc>Returns the given values which can then be assigned to a variables.</doc>
<status status="NOT RUN" starttime="20221111 20:38:44.176" endtime="20221111 20:38:44.176"/>
</kw>
<status status="NOT RUN" starttime="20221111 20:38:44.176" endtime="20221111 20:38:44.177"/>
</branch>
<status status="PASS" starttime="20221111 20:38:44.176" endtime="20221111 20:38:44.177"/>
</if>
<status status="PASS" starttime="20221111 20:38:44.168" endtime="20221111 20:38:44.177"/>
</iter>
<iter>
<var name="${counter}">84</var>
<kw name="Evaluate" library="BuiltIn">
<var>${divisao}</var>
<arg>${counter} % 2 == 0</arg>
<doc>Evaluates the given expression in Python and returns the result.</doc>
<msg timestamp="20221111 20:38:44.177" level="INFO">${divisao} = True</msg>
<status status="PASS" starttime="20221111 20:38:44.177" endtime="20221111 20:38:44.177"/>
</kw>
<if>
<branch type="IF" condition="${counter} == 0">
<kw name="Execute Javascript" library="SeleniumLibrary">
<var>${nameViews}</var>
<arg>return document.querySelectorAll('.number')[1].title</arg>
<doc>Executes the given JavaScript code with possible arguments.</doc>
<status status="NOT RUN" starttime="20221111 20:38:44.178" endtime="20221111 20:38:44.178"/>
</kw>
<kw name="Regex Capturar Numero" library="testes">
<var>${numerViews}</var>
<arg>${nameViews}</arg>
<status status="NOT RUN" starttime="20221111 20:38:44.178" endtime="20221111 20:38:44.178"/>
</kw>
<status status="NOT RUN" starttime="20221111 20:38:44.177" endtime="20221111 20:38:44.178"/>
</branch>
<branch type="ELSE">
<if>
<branch type="IF" condition="${divisao} == False">
<kw name="Execute Javascript" library="SeleniumLibrary">
<var>${nameViews}</var>
<arg>return document.querySelectorAll('.number')[${counter}].title</arg>
<doc>Executes the given JavaScript code with possible arguments.</doc>
<status status="NOT RUN" starttime="20221111 20:38:44.178" endtime="20221111 20:38:44.179"/>
</kw>
<kw name="Regex Capturar Numero" library="testes">
<var>${numerViews}</var>
<arg>${nameViews}</arg>
<status status="NOT RUN" starttime="20221111 20:38:44.179" endtime="20221111 20:38:44.179"/>
</kw>
<kw name="Evaluate" library="BuiltIn">
<var>${lengthTopics}</var>
<arg>${lengthTopics} +1</arg>
<doc>Evaluates the given expression in Python and returns the result.</doc>
<status status="NOT RUN" starttime="20221111 20:38:44.179" endtime="20221111 20:38:44.179"/>
</kw>
<status status="NOT RUN" starttime="20221111 20:38:44.178" endtime="20221111 20:38:44.179"/>
</branch>
<status status="PASS" starttime="20221111 20:38:44.178" endtime="20221111 20:38:44.180"/>
</if>
<status status="PASS" starttime="20221111 20:38:44.178" endtime="20221111 20:38:44.180"/>
</branch>
<status status="PASS" starttime="20221111 20:38:44.177" endtime="20221111 20:38:44.180"/>
</if>
<if>
<branch type="IF" condition="${numerViews} &gt; ${numerViewsOld}">
<kw name="Set Variable" library="BuiltIn">
<var>${numerViewsOld}</var>
<arg>${numerViews}</arg>
<doc>Returns the given values which can then be assigned to a variables.</doc>
<status status="NOT RUN" starttime="20221111 20:38:44.180" endtime="20221111 20:38:44.181"/>
</kw>
<kw name="Set Variable" library="BuiltIn">
<var>${counter_topic}</var>
<arg>${lengthTopics} -1</arg>
<doc>Returns the given values which can then be assigned to a variables.</doc>
<status status="NOT RUN" starttime="20221111 20:38:44.181" endtime="20221111 20:38:44.181"/>
</kw>
<status status="NOT RUN" starttime="20221111 20:38:44.180" endtime="20221111 20:38:44.181"/>
</branch>
<status status="PASS" starttime="20221111 20:38:44.180" endtime="20221111 20:38:44.181"/>
</if>
<status status="PASS" starttime="20221111 20:38:44.177" endtime="20221111 20:38:44.181"/>
</iter>
<iter>
<var name="${counter}">85</var>
<kw name="Evaluate" library="BuiltIn">
<var>${divisao}</var>
<arg>${counter} % 2 == 0</arg>
<doc>Evaluates the given expression in Python and returns the result.</doc>
<msg timestamp="20221111 20:38:44.182" level="INFO">${divisao} = False</msg>
<status status="PASS" starttime="20221111 20:38:44.181" endtime="20221111 20:38:44.182"/>
</kw>
<if>
<branch type="IF" condition="${counter} == 0">
<kw name="Execute Javascript" library="SeleniumLibrary">
<var>${nameViews}</var>
<arg>return document.querySelectorAll('.number')[1].title</arg>
<doc>Executes the given JavaScript code with possible arguments.</doc>
<status status="NOT RUN" starttime="20221111 20:38:44.182" endtime="20221111 20:38:44.183"/>
</kw>
<kw name="Regex Capturar Numero" library="testes">
<var>${numerViews}</var>
<arg>${nameViews}</arg>
<status status="NOT RUN" starttime="20221111 20:38:44.183" endtime="20221111 20:38:44.183"/>
</kw>
<status status="NOT RUN" starttime="20221111 20:38:44.182" endtime="20221111 20:38:44.183"/>
</branch>
<branch type="ELSE">
<if>
<branch type="IF" condition="${divisao} == False">
<kw name="Execute Javascript" library="SeleniumLibrary">
<var>${nameViews}</var>
<arg>return document.querySelectorAll('.number')[${counter}].title</arg>
<doc>Executes the given JavaScript code with possible arguments.</doc>
<msg timestamp="20221111 20:38:44.184" level="INFO">Executing JavaScript:
return document.querySelectorAll('.number')[85].title
Without any arguments.</msg>
<msg timestamp="20221111 20:38:44.190" level="INFO">${nameViews} = this topic has been viewed 124 times</msg>
<status status="PASS" starttime="20221111 20:38:44.183" endtime="20221111 20:38:44.190"/>
</kw>
<kw name="Regex Capturar Numero" library="testes">
<var>${numerViews}</var>
<arg>${nameViews}</arg>
<msg timestamp="20221111 20:38:44.191" level="INFO">124</msg>
<msg timestamp="20221111 20:38:44.191" level="INFO">${numerViews} = 124</msg>
<status status="PASS" starttime="20221111 20:38:44.190" endtime="20221111 20:38:44.191"/>
</kw>
<kw name="Evaluate" library="BuiltIn">
<var>${lengthTopics}</var>
<arg>${lengthTopics} +1</arg>
<doc>Evaluates the given expression in Python and returns the result.</doc>
<msg timestamp="20221111 20:38:44.191" level="INFO">${lengthTopics} = 43</msg>
<status status="PASS" starttime="20221111 20:38:44.191" endtime="20221111 20:38:44.191"/>
</kw>
<status status="PASS" starttime="20221111 20:38:44.183" endtime="20221111 20:38:44.191"/>
</branch>
<status status="PASS" starttime="20221111 20:38:44.183" endtime="20221111 20:38:44.192"/>
</if>
<status status="PASS" starttime="20221111 20:38:44.183" endtime="20221111 20:38:44.192"/>
</branch>
<status status="PASS" starttime="20221111 20:38:44.182" endtime="20221111 20:38:44.192"/>
</if>
<if>
<branch type="IF" condition="${numerViews} &gt; ${numerViewsOld}">
<kw name="Set Variable" library="BuiltIn">
<var>${numerViewsOld}</var>
<arg>${numerViews}</arg>
<doc>Returns the given values which can then be assigned to a variables.</doc>
<status status="NOT RUN" starttime="20221111 20:38:44.192" endtime="20221111 20:38:44.192"/>
</kw>
<kw name="Set Variable" library="BuiltIn">
<var>${counter_topic}</var>
<arg>${lengthTopics} -1</arg>
<doc>Returns the given values which can then be assigned to a variables.</doc>
<status status="NOT RUN" starttime="20221111 20:38:44.192" endtime="20221111 20:38:44.192"/>
</kw>
<status status="NOT RUN" starttime="20221111 20:38:44.192" endtime="20221111 20:38:44.192"/>
</branch>
<status status="PASS" starttime="20221111 20:38:44.192" endtime="20221111 20:38:44.192"/>
</if>
<status status="PASS" starttime="20221111 20:38:44.181" endtime="20221111 20:38:44.192"/>
</iter>
<iter>
<var name="${counter}">86</var>
<kw name="Evaluate" library="BuiltIn">
<var>${divisao}</var>
<arg>${counter} % 2 == 0</arg>
<doc>Evaluates the given expression in Python and returns the result.</doc>
<msg timestamp="20221111 20:38:44.193" level="INFO">${divisao} = True</msg>
<status status="PASS" starttime="20221111 20:38:44.193" endtime="20221111 20:38:44.193"/>
</kw>
<if>
<branch type="IF" condition="${counter} == 0">
<kw name="Execute Javascript" library="SeleniumLibrary">
<var>${nameViews}</var>
<arg>return document.querySelectorAll('.number')[1].title</arg>
<doc>Executes the given JavaScript code with possible arguments.</doc>
<status status="NOT RUN" starttime="20221111 20:38:44.194" endtime="20221111 20:38:44.194"/>
</kw>
<kw name="Regex Capturar Numero" library="testes">
<var>${numerViews}</var>
<arg>${nameViews}</arg>
<status status="NOT RUN" starttime="20221111 20:38:44.194" endtime="20221111 20:38:44.194"/>
</kw>
<status status="NOT RUN" starttime="20221111 20:38:44.193" endtime="20221111 20:38:44.194"/>
</branch>
<branch type="ELSE">
<if>
<branch type="IF" condition="${divisao} == False">
<kw name="Execute Javascript" library="SeleniumLibrary">
<var>${nameViews}</var>
<arg>return document.querySelectorAll('.number')[${counter}].title</arg>
<doc>Executes the given JavaScript code with possible arguments.</doc>
<status status="NOT RUN" starttime="20221111 20:38:44.195" endtime="20221111 20:38:44.195"/>
</kw>
<kw name="Regex Capturar Numero" library="testes">
<var>${numerViews}</var>
<arg>${nameViews}</arg>
<status status="NOT RUN" starttime="20221111 20:38:44.195" endtime="20221111 20:38:44.195"/>
</kw>
<kw name="Evaluate" library="BuiltIn">
<var>${lengthTopics}</var>
<arg>${lengthTopics} +1</arg>
<doc>Evaluates the given expression in Python and returns the result.</doc>
<status status="NOT RUN" starttime="20221111 20:38:44.195" endtime="20221111 20:38:44.195"/>
</kw>
<status status="NOT RUN" starttime="20221111 20:38:44.194" endtime="20221111 20:38:44.196"/>
</branch>
<status status="PASS" starttime="20221111 20:38:44.194" endtime="20221111 20:38:44.196"/>
</if>
<status status="PASS" starttime="20221111 20:38:44.194" endtime="20221111 20:38:44.196"/>
</branch>
<status status="PASS" starttime="20221111 20:38:44.193" endtime="20221111 20:38:44.196"/>
</if>
<if>
<branch type="IF" condition="${numerViews} &gt; ${numerViewsOld}">
<kw name="Set Variable" library="BuiltIn">
<var>${numerViewsOld}</var>
<arg>${numerViews}</arg>
<doc>Returns the given values which can then be assigned to a variables.</doc>
<status status="NOT RUN" starttime="20221111 20:38:44.197" endtime="20221111 20:38:44.197"/>
</kw>
<kw name="Set Variable" library="BuiltIn">
<var>${counter_topic}</var>
<arg>${lengthTopics} -1</arg>
<doc>Returns the given values which can then be assigned to a variables.</doc>
<status status="NOT RUN" starttime="20221111 20:38:44.197" endtime="20221111 20:38:44.197"/>
</kw>
<status status="NOT RUN" starttime="20221111 20:38:44.197" endtime="20221111 20:38:44.197"/>
</branch>
<status status="PASS" starttime="20221111 20:38:44.196" endtime="20221111 20:38:44.197"/>
</if>
<status status="PASS" starttime="20221111 20:38:44.193" endtime="20221111 20:38:44.197"/>
</iter>
<iter>
<var name="${counter}">87</var>
<kw name="Evaluate" library="BuiltIn">
<var>${divisao}</var>
<arg>${counter} % 2 == 0</arg>
<doc>Evaluates the given expression in Python and returns the result.</doc>
<msg timestamp="20221111 20:38:44.198" level="INFO">${divisao} = False</msg>
<status status="PASS" starttime="20221111 20:38:44.198" endtime="20221111 20:38:44.199"/>
</kw>
<if>
<branch type="IF" condition="${counter} == 0">
<kw name="Execute Javascript" library="SeleniumLibrary">
<var>${nameViews}</var>
<arg>return document.querySelectorAll('.number')[1].title</arg>
<doc>Executes the given JavaScript code with possible arguments.</doc>
<status status="NOT RUN" starttime="20221111 20:38:44.199" endtime="20221111 20:38:44.199"/>
</kw>
<kw name="Regex Capturar Numero" library="testes">
<var>${numerViews}</var>
<arg>${nameViews}</arg>
<status status="NOT RUN" starttime="20221111 20:38:44.199" endtime="20221111 20:38:44.199"/>
</kw>
<status status="NOT RUN" starttime="20221111 20:38:44.199" endtime="20221111 20:38:44.199"/>
</branch>
<branch type="ELSE">
<if>
<branch type="IF" condition="${divisao} == False">
<kw name="Execute Javascript" library="SeleniumLibrary">
<var>${nameViews}</var>
<arg>return document.querySelectorAll('.number')[${counter}].title</arg>
<doc>Executes the given JavaScript code with possible arguments.</doc>
<msg timestamp="20221111 20:38:44.200" level="INFO">Executing JavaScript:
return document.querySelectorAll('.number')[87].title
Without any arguments.</msg>
<msg timestamp="20221111 20:38:44.205" level="INFO">${nameViews} = this topic has been viewed 105 times</msg>
<status status="PASS" starttime="20221111 20:38:44.200" endtime="20221111 20:38:44.205"/>
</kw>
<kw name="Regex Capturar Numero" library="testes">
<var>${numerViews}</var>
<arg>${nameViews}</arg>
<msg timestamp="20221111 20:38:44.206" level="INFO">105</msg>
<msg timestamp="20221111 20:38:44.206" level="INFO">${numerViews} = 105</msg>
<status status="PASS" starttime="20221111 20:38:44.205" endtime="20221111 20:38:44.206"/>
</kw>
<kw name="Evaluate" library="BuiltIn">
<var>${lengthTopics}</var>
<arg>${lengthTopics} +1</arg>
<doc>Evaluates the given expression in Python and returns the result.</doc>
<msg timestamp="20221111 20:38:44.206" level="INFO">${lengthTopics} = 44</msg>
<status status="PASS" starttime="20221111 20:38:44.206" endtime="20221111 20:38:44.206"/>
</kw>
<status status="PASS" starttime="20221111 20:38:44.200" endtime="20221111 20:38:44.206"/>
</branch>
<status status="PASS" starttime="20221111 20:38:44.199" endtime="20221111 20:38:44.206"/>
</if>
<status status="PASS" starttime="20221111 20:38:44.199" endtime="20221111 20:38:44.206"/>
</branch>
<status status="PASS" starttime="20221111 20:38:44.199" endtime="20221111 20:38:44.206"/>
</if>
<if>
<branch type="IF" condition="${numerViews} &gt; ${numerViewsOld}">
<kw name="Set Variable" library="BuiltIn">
<var>${numerViewsOld}</var>
<arg>${numerViews}</arg>
<doc>Returns the given values which can then be assigned to a variables.</doc>
<status status="NOT RUN" starttime="20221111 20:38:44.207" endtime="20221111 20:38:44.207"/>
</kw>
<kw name="Set Variable" library="BuiltIn">
<var>${counter_topic}</var>
<arg>${lengthTopics} -1</arg>
<doc>Returns the given values which can then be assigned to a variables.</doc>
<status status="NOT RUN" starttime="20221111 20:38:44.207" endtime="20221111 20:38:44.207"/>
</kw>
<status status="NOT RUN" starttime="20221111 20:38:44.206" endtime="20221111 20:38:44.207"/>
</branch>
<status status="PASS" starttime="20221111 20:38:44.206" endtime="20221111 20:38:44.207"/>
</if>
<status status="PASS" starttime="20221111 20:38:44.198" endtime="20221111 20:38:44.207"/>
</iter>
<status status="PASS" starttime="20221111 20:38:43.605" endtime="20221111 20:38:44.207"/>
</for>
<kw name="Execute Javascript" library="SeleniumLibrary">
<var>${MaiorTopicoVizualizado}</var>
<arg>return document.querySelectorAll('[class*="title raw-link raw-topic-link"]')[${counter_topic}].innerHTML</arg>
<doc>Executes the given JavaScript code with possible arguments.</doc>
<msg timestamp="20221111 20:38:44.207" level="INFO">Executing JavaScript:
return document.querySelectorAll('[class*="title raw-link raw-topic-link"]')[27 -1].innerHTML
Without any arguments.</msg>
<msg timestamp="20221111 20:38:44.217" level="INFO">${MaiorTopicoVizualizado} = What’s your all-time favorite movie scene?</msg>
<status status="PASS" starttime="20221111 20:38:44.207" endtime="20221111 20:38:44.217"/>
</kw>
<kw name="Log" library="BuiltIn">
<arg>A maior visualização foi do tópico '${MaiorTopicoVizualizado}' com ${numerViewsOld} vizualizações.</arg>
<doc>Logs the given message with the given level.</doc>
<msg timestamp="20221111 20:38:44.217" level="INFO">A maior visualização foi do tópico 'What’s your all-time favorite movie scene?' com 2277 vizualizações.</msg>
<status status="PASS" starttime="20221111 20:38:44.217" endtime="20221111 20:38:44.218"/>
</kw>
<status status="PASS" starttime="20221111 20:38:43.596" endtime="20221111 20:38:44.218"/>
</kw>
<status status="PASS" starttime="20221111 20:38:42.593" endtime="20221111 20:38:44.219"/>
</test>
<doc>*Script Name*: TestSiteDiscourse

*Test Case*: ExecParCollect

*Covered scenarios*:
- _Acessar site Discourse com sucesso e Capturar as informacoes de Titulos, Topicos e Views com sucess_
- _Acessar o subMenu DEMO com sucesso_
- _Capturar as informacoes de Titulos, Topicos e Views com sucesso_
*Author*: leandroFarias</doc>
<status status="PASS" starttime="20221111 20:38:32.018" endtime="20221111 20:38:44.220"/>
</suite>
<statistics>
<total>
<stat pass="3" fail="0" skip="0">All Tests</stat>
</total>
<tag>
</tag>
<suite>
<stat pass="3" fail="0" skip="0" id="s1" name="Testsitediscourse">Testsitediscourse</stat>
</suite>
</statistics>
<errors>
</errors>
</robot>
